mode: set
leaflock/handlers/attachments.go:24.107,26.2 1 1
leaflock/handlers/attachments.go:45.67,51.16 4 0
leaflock/handlers/attachments.go:51.16,53.3 1 0
leaflock/handlers/attachments.go:56.2,60.31 3 0
leaflock/handlers/attachments.go:60.31,62.3 1 0
leaflock/handlers/attachments.go:65.2,66.16 2 0
leaflock/handlers/attachments.go:66.16,68.3 1 0
leaflock/handlers/attachments.go:71.2,72.29 2 0
leaflock/handlers/attachments.go:72.29,74.3 1 0
leaflock/handlers/attachments.go:77.2,87.93 2 0
leaflock/handlers/attachments.go:87.93,89.3 1 0
leaflock/handlers/attachments.go:92.2,93.16 2 0
leaflock/handlers/attachments.go:93.16,95.3 1 0
leaflock/handlers/attachments.go:96.2,99.16 3 0
leaflock/handlers/attachments.go:99.16,101.3 1 0
leaflock/handlers/attachments.go:104.2,108.16 3 0
leaflock/handlers/attachments.go:108.16,110.3 1 0
leaflock/handlers/attachments.go:112.2,113.16 2 0
leaflock/handlers/attachments.go:113.16,115.3 1 0
leaflock/handlers/attachments.go:118.2,120.20 3 0
leaflock/handlers/attachments.go:120.20,122.3 1 0
leaflock/handlers/attachments.go:124.2,129.16 2 0
leaflock/handlers/attachments.go:129.16,131.3 1 0
leaflock/handlers/attachments.go:133.2,141.4 1 0
leaflock/handlers/attachments.go:145.65,150.16 4 1
leaflock/handlers/attachments.go:150.16,152.3 1 0
leaflock/handlers/attachments.go:155.2,159.31 3 1
leaflock/handlers/attachments.go:159.31,161.3 1 0
leaflock/handlers/attachments.go:163.2,168.16 2 1
leaflock/handlers/attachments.go:168.16,170.3 1 0
leaflock/handlers/attachments.go:171.2,174.18 3 1
leaflock/handlers/attachments.go:174.18,182.17 7 0
leaflock/handlers/attachments.go:182.17,183.12 1 0
leaflock/handlers/attachments.go:187.3,188.17 2 0
leaflock/handlers/attachments.go:188.17,189.12 1 0
leaflock/handlers/attachments.go:192.3,200.5 1 0
leaflock/handlers/attachments.go:203.2,203.28 1 1
leaflock/handlers/attachments.go:207.69,213.16 5 0
leaflock/handlers/attachments.go:213.16,215.3 1 0
leaflock/handlers/attachments.go:217.2,218.16 2 0
leaflock/handlers/attachments.go:218.16,220.3 1 0
leaflock/handlers/attachments.go:223.2,232.16 4 0
leaflock/handlers/attachments.go:232.16,233.27 1 0
leaflock/handlers/attachments.go:233.27,235.4 1 0
leaflock/handlers/attachments.go:236.3,236.78 1 0
leaflock/handlers/attachments.go:240.2,241.16 2 0
leaflock/handlers/attachments.go:241.16,243.3 1 0
leaflock/handlers/attachments.go:245.2,246.16 2 0
leaflock/handlers/attachments.go:246.16,248.3 1 0
leaflock/handlers/attachments.go:250.2,257.24 5 0
leaflock/handlers/attachments.go:261.67,267.16 5 0
leaflock/handlers/attachments.go:267.16,269.3 1 0
leaflock/handlers/attachments.go:271.2,272.16 2 0
leaflock/handlers/attachments.go:272.16,274.3 1 0
leaflock/handlers/attachments.go:277.2,283.16 2 0
leaflock/handlers/attachments.go:283.16,285.3 1 0
leaflock/handlers/attachments.go:287.2,287.32 1 0
leaflock/handlers/attachments.go:287.32,289.3 1 0
leaflock/handlers/attachments.go:291.2,291.72 1 0
leaflock/handlers/auth.go:41.134,48.2 1 1
leaflock/handlers/auth.go:85.153,96.16 3 0
leaflock/handlers/auth.go:96.16,98.3 1 0
leaflock/handlers/auth.go:101.2,102.16 2 0
leaflock/handlers/auth.go:102.16,104.3 1 0
leaflock/handlers/auth.go:107.2,110.68 3 0
leaflock/handlers/auth.go:114.107,119.16 3 0
leaflock/handlers/auth.go:119.16,120.34 1 0
leaflock/handlers/auth.go:120.34,122.4 1 0
leaflock/handlers/auth.go:123.3,123.70 1 0
leaflock/handlers/auth.go:127.2,128.16 2 0
leaflock/handlers/auth.go:128.16,130.3 1 0
leaflock/handlers/auth.go:133.2,134.59 2 0
leaflock/handlers/auth.go:134.59,136.3 1 0
leaflock/handlers/auth.go:139.2,139.45 1 0
leaflock/handlers/auth.go:139.45,143.3 2 0
leaflock/handlers/auth.go:145.2,145.26 1 0
leaflock/handlers/auth.go:149.91,152.2 2 0
leaflock/handlers/auth.go:166.52,168.35 1 1
leaflock/handlers/auth.go:168.35,170.3 1 0
leaflock/handlers/auth.go:172.2,173.43 2 1
leaflock/handlers/auth.go:173.43,175.3 1 0
leaflock/handlers/auth.go:178.2,178.28 1 1
leaflock/handlers/auth.go:178.28,180.3 1 1
leaflock/handlers/auth.go:183.2,184.43 2 1
leaflock/handlers/auth.go:184.43,186.3 1 0
leaflock/handlers/auth.go:187.2,191.48 3 1
leaflock/handlers/auth.go:191.48,193.3 1 0
leaflock/handlers/auth.go:196.2,200.16 3 1
leaflock/handlers/auth.go:200.16,202.3 1 0
leaflock/handlers/auth.go:203.2,204.44 2 1
leaflock/handlers/auth.go:204.44,206.3 1 0
leaflock/handlers/auth.go:207.2,211.50 3 1
leaflock/handlers/auth.go:211.50,213.3 1 0
leaflock/handlers/auth.go:216.2,220.16 3 1
leaflock/handlers/auth.go:220.16,222.3 1 0
leaflock/handlers/auth.go:225.2,226.16 2 1
leaflock/handlers/auth.go:226.16,228.3 1 0
leaflock/handlers/auth.go:231.2,233.16 3 1
leaflock/handlers/auth.go:233.16,235.3 1 0
leaflock/handlers/auth.go:236.2,244.16 3 1
leaflock/handlers/auth.go:244.16,246.3 1 0
leaflock/handlers/auth.go:249.2,257.16 3 1
leaflock/handlers/auth.go:257.16,258.49 1 0
leaflock/handlers/auth.go:258.49,260.4 1 0
leaflock/handlers/auth.go:261.3,261.71 1 0
leaflock/handlers/auth.go:265.2,266.16 2 1
leaflock/handlers/auth.go:266.16,268.3 1 0
leaflock/handlers/auth.go:269.2,270.51 2 1
leaflock/handlers/auth.go:270.51,272.3 1 0
leaflock/handlers/auth.go:275.2,276.16 2 1
leaflock/handlers/auth.go:276.16,278.3 1 0
leaflock/handlers/auth.go:280.2,288.16 3 1
leaflock/handlers/auth.go:288.16,290.3 1 0
leaflock/handlers/auth.go:293.2,293.38 1 1
leaflock/handlers/auth.go:293.38,295.3 1 0
leaflock/handlers/auth.go:298.2,302.16 3 1
leaflock/handlers/auth.go:302.16,304.3 1 0
leaflock/handlers/auth.go:306.2,311.4 1 1
leaflock/handlers/auth.go:326.49,336.43 8 0
leaflock/handlers/auth.go:336.43,340.3 3 0
leaflock/handlers/auth.go:343.2,346.27 4 0
leaflock/handlers/auth.go:346.27,349.3 2 0
leaflock/handlers/auth.go:350.2,356.16 4 0
leaflock/handlers/auth.go:356.16,358.3 1 0
leaflock/handlers/auth.go:361.2,374.16 8 0
leaflock/handlers/auth.go:374.16,376.3 1 0
leaflock/handlers/auth.go:379.2,379.57 1 0
leaflock/handlers/auth.go:379.57,385.18 5 0
leaflock/handlers/auth.go:385.18,387.4 1 0
leaflock/handlers/auth.go:387.9,389.4 1 0
leaflock/handlers/auth.go:391.3,395.5 1 0
leaflock/handlers/auth.go:399.2,401.27 3 0
leaflock/handlers/auth.go:401.27,403.3 1 0
leaflock/handlers/auth.go:406.2,406.56 1 0
leaflock/handlers/auth.go:406.56,412.26 3 0
leaflock/handlers/auth.go:412.26,414.4 1 0
leaflock/handlers/auth.go:414.9,414.33 1 0
leaflock/handlers/auth.go:414.33,416.4 1 0
leaflock/handlers/auth.go:416.9,416.57 1 0
leaflock/handlers/auth.go:416.57,418.4 1 0
leaflock/handlers/auth.go:420.3,420.23 1 0
leaflock/handlers/auth.go:420.23,435.19 8 0
leaflock/handlers/auth.go:435.19,437.5 1 0
leaflock/handlers/auth.go:437.10,439.5 1 0
leaflock/handlers/auth.go:441.4,445.6 1 0
leaflock/handlers/auth.go:448.3,451.71 3 0
leaflock/handlers/auth.go:455.2,455.16 1 0
leaflock/handlers/auth.go:455.16,456.43 1 0
leaflock/handlers/auth.go:456.43,458.4 1 0
leaflock/handlers/auth.go:459.3,459.26 1 0
leaflock/handlers/auth.go:459.26,462.4 2 0
leaflock/handlers/auth.go:463.3,464.17 2 0
leaflock/handlers/auth.go:464.17,467.4 2 0
leaflock/handlers/auth.go:468.3,470.19 3 0
leaflock/handlers/auth.go:470.19,473.4 2 0
leaflock/handlers/auth.go:474.3,474.35 1 0
leaflock/handlers/auth.go:474.35,478.4 2 0
leaflock/handlers/auth.go:482.2,490.51 3 0
leaflock/handlers/auth.go:490.51,492.3 1 0
leaflock/handlers/auth.go:493.2,501.16 5 0
leaflock/handlers/auth.go:501.16,504.3 2 0
leaflock/handlers/auth.go:507.2,511.16 3 0
leaflock/handlers/auth.go:511.16,513.3 1 0
leaflock/handlers/auth.go:516.2,524.4 3 0
leaflock/handlers/auth.go:527.57,531.43 3 0
leaflock/handlers/auth.go:531.43,534.3 2 0
leaflock/handlers/auth.go:537.2,537.21 1 0
leaflock/handlers/auth.go:537.21,539.3 1 0
leaflock/handlers/auth.go:540.2,540.28 1 0
leaflock/handlers/auth.go:540.28,542.3 1 0
leaflock/handlers/auth.go:543.2,543.29 1 0
leaflock/handlers/auth.go:543.29,545.3 1 0
leaflock/handlers/auth.go:547.2,551.40 3 0
leaflock/handlers/auth.go:551.40,554.3 2 0
leaflock/handlers/auth.go:557.2,557.45 1 0
leaflock/handlers/auth.go:557.45,560.3 2 0
leaflock/handlers/auth.go:562.2,566.50 3 0
leaflock/handlers/auth.go:566.50,569.3 2 0
leaflock/handlers/auth.go:571.2,574.30 3 0
leaflock/handlers/auth.go:574.30,580.17 4 0
leaflock/handlers/auth.go:580.17,583.4 2 0
leaflock/handlers/auth.go:586.2,586.39 1 0
leaflock/handlers/auth.go:586.39,593.3 1 0
leaflock/handlers/auth.go:596.2,597.16 2 0
leaflock/handlers/auth.go:597.16,600.3 2 0
leaflock/handlers/auth.go:601.2,604.15 2 0
leaflock/handlers/auth.go:604.15,614.32 3 0
leaflock/handlers/auth.go:614.32,616.18 2 0
leaflock/handlers/auth.go:616.18,619.5 1 0
leaflock/handlers/auth.go:623.3,624.17 2 0
leaflock/handlers/auth.go:624.17,627.4 2 0
leaflock/handlers/auth.go:629.3,629.69 1 0
leaflock/handlers/auth.go:633.2,637.43 3 0
leaflock/handlers/auth.go:637.43,640.3 2 0
leaflock/handlers/auth.go:643.2,647.48 3 0
leaflock/handlers/auth.go:647.48,650.3 2 0
leaflock/handlers/auth.go:653.2,657.16 3 0
leaflock/handlers/auth.go:657.16,660.3 2 0
leaflock/handlers/auth.go:662.2,663.44 2 0
leaflock/handlers/auth.go:663.44,666.3 2 0
leaflock/handlers/auth.go:668.2,672.50 3 0
leaflock/handlers/auth.go:672.50,675.3 2 0
leaflock/handlers/auth.go:678.2,682.16 3 0
leaflock/handlers/auth.go:682.16,685.3 2 0
leaflock/handlers/auth.go:688.2,689.16 2 0
leaflock/handlers/auth.go:689.16,692.3 2 0
leaflock/handlers/auth.go:695.2,700.16 2 0
leaflock/handlers/auth.go:700.16,703.3 2 0
leaflock/handlers/auth.go:706.2,718.16 4 0
leaflock/handlers/auth.go:718.16,721.3 2 0
leaflock/handlers/auth.go:724.2,724.38 1 0
leaflock/handlers/auth.go:724.38,727.3 2 0
leaflock/handlers/auth.go:729.2,740.4 5 0
leaflock/handlers/auth.go:743.66,749.2 3 0
leaflock/handlers/auth.go:751.107,763.16 4 0
leaflock/handlers/auth.go:763.16,765.3 1 0
leaflock/handlers/auth.go:766.2,768.18 2 0
leaflock/handlers/auth.go:768.18,770.42 2 0
leaflock/handlers/auth.go:770.42,771.12 1 0
leaflock/handlers/auth.go:773.3,773.42 1 0
leaflock/handlers/auth.go:776.2,782.16 3 0
leaflock/handlers/auth.go:782.16,784.3 1 0
leaflock/handlers/auth.go:787.2,787.35 1 0
leaflock/handlers/auth.go:787.35,788.48 1 0
leaflock/handlers/auth.go:788.48,791.4 2 0
leaflock/handlers/auth.go:795.2,795.27 1 0
leaflock/handlers/auth.go:795.27,798.3 2 0
leaflock/handlers/auth.go:800.2,801.26 2 0
leaflock/handlers/auth.go:804.56,807.9 3 0
leaflock/handlers/auth.go:807.9,809.3 1 0
leaflock/handlers/auth.go:810.2,813.42 3 0
leaflock/handlers/auth.go:813.42,815.3 1 0
leaflock/handlers/auth.go:816.2,819.4 1 0
leaflock/handlers/auth.go:822.57,825.9 3 0
leaflock/handlers/auth.go:825.9,827.3 1 0
leaflock/handlers/auth.go:828.2,831.137 4 0
leaflock/handlers/auth.go:831.137,833.3 1 0
leaflock/handlers/auth.go:836.2,837.133 2 0
leaflock/handlers/auth.go:837.133,839.3 1 0
leaflock/handlers/auth.go:842.2,843.16 2 0
leaflock/handlers/auth.go:843.16,845.3 1 0
leaflock/handlers/auth.go:846.2,853.16 3 0
leaflock/handlers/auth.go:853.16,855.3 1 0
leaflock/handlers/auth.go:856.2,858.16 3 0
leaflock/handlers/auth.go:858.16,860.3 1 0
leaflock/handlers/auth.go:861.2,861.145 1 0
leaflock/handlers/auth.go:861.145,863.3 1 0
leaflock/handlers/auth.go:864.2,870.4 2 0
leaflock/handlers/auth.go:873.53,876.9 3 0
leaflock/handlers/auth.go:876.9,878.3 1 0
leaflock/handlers/auth.go:879.2,880.43 2 0
leaflock/handlers/auth.go:880.43,882.3 1 0
leaflock/handlers/auth.go:883.2,884.16 2 0
leaflock/handlers/auth.go:884.16,886.3 1 0
leaflock/handlers/auth.go:887.2,889.121 3 0
leaflock/handlers/auth.go:889.121,891.3 1 0
leaflock/handlers/auth.go:892.2,892.25 1 0
leaflock/handlers/auth.go:892.25,894.3 1 0
leaflock/handlers/auth.go:895.2,896.16 2 0
leaflock/handlers/auth.go:896.16,898.3 1 0
leaflock/handlers/auth.go:899.2,900.18 2 0
leaflock/handlers/auth.go:900.18,902.3 1 0
leaflock/handlers/auth.go:903.2,903.34 1 0
leaflock/handlers/auth.go:903.34,906.3 2 0
leaflock/handlers/auth.go:907.2,907.100 1 0
leaflock/handlers/auth.go:907.100,909.3 1 0
leaflock/handlers/auth.go:910.2,911.43 2 0
leaflock/handlers/auth.go:914.54,917.9 3 0
leaflock/handlers/auth.go:917.9,919.3 1 0
leaflock/handlers/auth.go:920.2,921.43 2 0
leaflock/handlers/auth.go:921.43,923.3 1 0
leaflock/handlers/auth.go:924.2,925.16 2 0
leaflock/handlers/auth.go:925.16,927.3 1 0
leaflock/handlers/auth.go:928.2,930.121 3 0
leaflock/handlers/auth.go:930.121,932.3 1 0
leaflock/handlers/auth.go:933.2,933.25 1 0
leaflock/handlers/auth.go:933.25,935.3 1 0
leaflock/handlers/auth.go:936.2,937.16 2 0
leaflock/handlers/auth.go:937.16,939.3 1 0
leaflock/handlers/auth.go:940.2,941.18 2 0
leaflock/handlers/auth.go:941.18,943.3 1 0
leaflock/handlers/auth.go:944.2,944.34 1 0
leaflock/handlers/auth.go:944.34,947.3 2 0
leaflock/handlers/auth.go:948.2,948.130 1 0
leaflock/handlers/auth.go:948.130,950.3 1 0
leaflock/handlers/auth.go:951.2,952.44 2 0
leaflock/handlers/auth.go:955.71,964.2 3 1
leaflock/handlers/auth.go:966.136,968.16 2 1
leaflock/handlers/auth.go:968.16,971.3 2 0
leaflock/handlers/auth.go:972.2,973.16 2 1
leaflock/handlers/auth.go:973.16,976.3 2 0
leaflock/handlers/auth.go:978.2,982.16 1 1
leaflock/handlers/auth.go:982.16,984.3 1 0
leaflock/handlers/collaboration.go:27.111,29.2 1 1
leaflock/handlers/collaboration.go:59.62,62.16 3 0
leaflock/handlers/collaboration.go:62.16,64.3 1 0
leaflock/handlers/collaboration.go:66.2,69.43 3 0
leaflock/handlers/collaboration.go:69.43,71.3 1 0
leaflock/handlers/collaboration.go:74.2,75.44 2 0
leaflock/handlers/collaboration.go:75.44,77.3 1 0
leaflock/handlers/collaboration.go:80.2,81.39 2 0
leaflock/handlers/collaboration.go:81.39,83.3 1 0
leaflock/handlers/collaboration.go:86.2,88.46 3 0
leaflock/handlers/collaboration.go:88.46,90.3 1 0
leaflock/handlers/collaboration.go:93.2,101.31 3 0
leaflock/handlers/collaboration.go:101.31,103.3 1 0
leaflock/handlers/collaboration.go:106.2,108.16 3 0
leaflock/handlers/collaboration.go:108.16,111.3 2 0
leaflock/handlers/collaboration.go:114.2,119.16 3 0
leaflock/handlers/collaboration.go:119.16,121.3 1 0
leaflock/handlers/collaboration.go:124.2,125.46 2 0
leaflock/handlers/collaboration.go:125.46,128.3 2 0
leaflock/handlers/collaboration.go:132.2,133.16 2 0
leaflock/handlers/collaboration.go:133.16,136.3 2 0
leaflock/handlers/collaboration.go:139.2,145.16 3 0
leaflock/handlers/collaboration.go:145.16,148.3 2 0
leaflock/handlers/collaboration.go:151.2,160.4 2 0
leaflock/handlers/collaboration.go:174.69,177.16 3 0
leaflock/handlers/collaboration.go:177.16,179.3 1 0
leaflock/handlers/collaboration.go:181.2,195.30 4 0
leaflock/handlers/collaboration.go:195.30,197.3 1 0
leaflock/handlers/collaboration.go:200.2,207.16 2 0
leaflock/handlers/collaboration.go:207.16,209.3 1 0
leaflock/handlers/collaboration.go:210.2,213.18 3 0
leaflock/handlers/collaboration.go:213.18,218.125 4 0
leaflock/handlers/collaboration.go:218.125,219.12 1 0
leaflock/handlers/collaboration.go:222.3,227.48 5 0
leaflock/handlers/collaboration.go:230.2,230.58 1 0
leaflock/handlers/collaboration.go:233.71,236.16 3 0
leaflock/handlers/collaboration.go:236.16,238.3 1 0
leaflock/handlers/collaboration.go:240.2,241.16 2 0
leaflock/handlers/collaboration.go:241.16,243.3 1 0
leaflock/handlers/collaboration.go:245.2,256.31 4 0
leaflock/handlers/collaboration.go:256.31,258.3 1 0
leaflock/handlers/collaboration.go:261.2,265.16 2 0
leaflock/handlers/collaboration.go:265.16,267.3 1 0
leaflock/handlers/collaboration.go:269.2,269.32 1 0
leaflock/handlers/collaboration.go:269.32,271.3 1 0
leaflock/handlers/collaboration.go:274.2,279.74 2 0
leaflock/handlers/collaboration.go:282.67,297.16 4 1
leaflock/handlers/collaboration.go:297.16,299.3 1 0
leaflock/handlers/collaboration.go:300.2,303.18 3 1
leaflock/handlers/collaboration.go:303.18,309.114 5 0
leaflock/handlers/collaboration.go:309.114,310.12 1 0
leaflock/handlers/collaboration.go:313.3,322.5 1 0
leaflock/handlers/collaboration.go:325.2,325.42 1 1
leaflock/handlers/collaboration.go:328.94,332.16 3 0
leaflock/handlers/collaboration.go:332.16,334.3 1 0
leaflock/handlers/collaboration.go:336.2,340.16 1 0
leaflock/handlers/collaboration.go:340.16,342.3 1 0
leaflock/handlers/folders.go:22.99,24.2 1 1
leaflock/handlers/folders.go:44.57,54.16 4 0
leaflock/handlers/folders.go:54.16,56.3 1 0
leaflock/handlers/folders.go:57.2,60.18 3 0
leaflock/handlers/folders.go:60.18,69.17 8 0
leaflock/handlers/folders.go:69.17,70.12 1 0
leaflock/handlers/folders.go:73.3,74.17 2 0
leaflock/handlers/folders.go:74.17,75.12 1 0
leaflock/handlers/folders.go:78.3,79.22 2 0
leaflock/handlers/folders.go:79.22,82.4 2 0
leaflock/handlers/folders.go:84.3,92.5 1 0
leaflock/handlers/folders.go:95.2,95.46 1 0
leaflock/handlers/folders.go:98.59,102.43 3 1
leaflock/handlers/folders.go:102.43,104.3 1 0
leaflock/handlers/folders.go:106.2,106.58 1 1
leaflock/handlers/folders.go:106.58,108.3 1 0
leaflock/handlers/folders.go:108.8,108.28 1 1
leaflock/handlers/folders.go:108.28,110.3 1 0
leaflock/handlers/folders.go:112.2,113.16 2 1
leaflock/handlers/folders.go:113.16,115.3 1 0
leaflock/handlers/folders.go:117.2,119.48 3 1
leaflock/handlers/folders.go:119.48,121.17 2 0
leaflock/handlers/folders.go:121.17,123.4 1 0
leaflock/handlers/folders.go:124.3,128.17 4 0
leaflock/handlers/folders.go:128.17,130.4 1 0
leaflock/handlers/folders.go:133.2,140.16 3 1
leaflock/handlers/folders.go:140.16,142.3 1 0
leaflock/handlers/folders.go:144.2,149.4 1 1
leaflock/handlers/folders.go:152.59,155.16 3 0
leaflock/handlers/folders.go:155.16,157.3 1 0
leaflock/handlers/folders.go:159.2,169.16 3 0
leaflock/handlers/folders.go:169.16,171.3 1 0
leaflock/handlers/folders.go:173.2,178.16 2 0
leaflock/handlers/folders.go:178.16,180.3 1 0
leaflock/handlers/folders.go:182.2,182.68 1 0
leaflock/handlers/folders.go:185.63,188.16 3 0
leaflock/handlers/folders.go:188.16,190.3 1 0
leaflock/handlers/folders.go:192.2,193.43 2 0
leaflock/handlers/folders.go:193.43,195.3 1 0
leaflock/handlers/folders.go:197.2,200.48 3 0
leaflock/handlers/folders.go:200.48,202.17 2 0
leaflock/handlers/folders.go:202.17,204.4 1 0
leaflock/handlers/folders.go:205.3,209.17 4 0
leaflock/handlers/folders.go:209.17,211.4 1 0
leaflock/handlers/folders.go:214.2,223.16 2 0
leaflock/handlers/folders.go:223.16,225.3 1 0
leaflock/handlers/folders.go:227.2,227.64 1 0
leaflock/handlers/import_export.go:26.109,28.2 1 1
leaflock/handlers/import_export.go:46.96,56.16 4 0
leaflock/handlers/import_export.go:56.16,58.3 1 0
leaflock/handlers/import_export.go:60.2,60.48 1 0
leaflock/handlers/import_export.go:60.48,63.3 1 0
leaflock/handlers/import_export.go:65.2,65.12 1 0
leaflock/handlers/import_export.go:68.97,78.2 3 0
leaflock/handlers/import_export.go:80.56,82.29 1 0
leaflock/handlers/import_export.go:82.29,84.3 1 0
leaflock/handlers/import_export.go:87.2,96.44 3 0
leaflock/handlers/import_export.go:96.44,97.46 1 0
leaflock/handlers/import_export.go:97.46,99.4 1 0
leaflock/handlers/import_export.go:103.2,103.16 1 0
leaflock/handlers/import_export.go:104.14,106.57 1 0
leaflock/handlers/import_export.go:106.57,108.4 1 0
leaflock/handlers/import_export.go:109.14,112.62 2 0
leaflock/handlers/import_export.go:112.62,114.4 1 0
leaflock/handlers/import_export.go:117.2,117.12 1 0
leaflock/handlers/import_export.go:129.66,140.16 5 1
leaflock/handlers/import_export.go:140.16,143.3 2 0
leaflock/handlers/import_export.go:145.2,150.4 1 1
leaflock/handlers/import_export.go:165.62,170.43 4 0
leaflock/handlers/import_export.go:170.43,172.3 1 0
leaflock/handlers/import_export.go:175.2,175.69 1 0
leaflock/handlers/import_export.go:175.69,177.3 1 0
leaflock/handlers/import_export.go:180.2,181.65 2 0
leaflock/handlers/import_export.go:181.65,183.3 1 0
leaflock/handlers/import_export.go:186.2,187.17 2 0
leaflock/handlers/import_export.go:187.17,189.3 1 0
leaflock/handlers/import_export.go:190.2,190.17 1 0
leaflock/handlers/import_export.go:190.17,192.3 1 0
leaflock/handlers/import_export.go:193.2,193.17 1 0
leaflock/handlers/import_export.go:193.17,195.3 1 0
leaflock/handlers/import_export.go:198.2,199.16 2 0
leaflock/handlers/import_export.go:199.16,201.3 1 0
leaflock/handlers/import_export.go:204.2,206.16 3 0
leaflock/handlers/import_export.go:206.16,209.3 2 0
leaflock/handlers/import_export.go:212.2,213.16 2 0
leaflock/handlers/import_export.go:213.16,216.3 2 0
leaflock/handlers/import_export.go:218.2,219.16 2 0
leaflock/handlers/import_export.go:219.16,222.3 2 0
leaflock/handlers/import_export.go:225.2,231.16 3 0
leaflock/handlers/import_export.go:231.16,234.3 2 0
leaflock/handlers/import_export.go:237.2,237.66 1 0
leaflock/handlers/import_export.go:237.66,240.3 1 0
leaflock/handlers/import_export.go:242.2,247.4 1 0
leaflock/handlers/import_export.go:263.62,266.16 3 0
leaflock/handlers/import_export.go:266.16,268.3 1 0
leaflock/handlers/import_export.go:270.2,273.43 3 0
leaflock/handlers/import_export.go:273.43,275.3 1 0
leaflock/handlers/import_export.go:278.2,290.16 4 0
leaflock/handlers/import_export.go:290.16,292.3 1 0
leaflock/handlers/import_export.go:295.2,296.16 2 0
leaflock/handlers/import_export.go:296.16,298.3 1 0
leaflock/handlers/import_export.go:300.2,301.16 2 0
leaflock/handlers/import_export.go:301.16,303.3 1 0
leaflock/handlers/import_export.go:305.2,310.16 4 0
leaflock/handlers/import_export.go:310.16,312.3 1 0
leaflock/handlers/import_export.go:314.2,320.4 1 0
leaflock/handlers/import_export.go:334.62,339.43 4 0
leaflock/handlers/import_export.go:339.43,341.3 1 0
leaflock/handlers/import_export.go:343.2,343.25 1 0
leaflock/handlers/import_export.go:343.25,345.3 1 0
leaflock/handlers/import_export.go:348.2,349.33 2 0
leaflock/handlers/import_export.go:349.33,351.3 1 0
leaflock/handlers/import_export.go:353.2,353.63 1 0
leaflock/handlers/import_export.go:353.63,355.3 1 0
leaflock/handlers/import_export.go:358.2,360.16 3 0
leaflock/handlers/import_export.go:360.16,362.3 1 0
leaflock/handlers/import_export.go:364.2,368.33 4 0
leaflock/handlers/import_export.go:368.33,370.72 1 0
leaflock/handlers/import_export.go:370.72,376.12 2 0
leaflock/handlers/import_export.go:380.3,381.18 2 0
leaflock/handlers/import_export.go:381.18,383.4 1 0
leaflock/handlers/import_export.go:384.3,384.18 1 0
leaflock/handlers/import_export.go:384.18,386.4 1 0
leaflock/handlers/import_export.go:387.3,387.18 1 0
leaflock/handlers/import_export.go:387.18,389.4 1 0
leaflock/handlers/import_export.go:392.3,393.17 2 0
leaflock/handlers/import_export.go:393.17,399.12 2 0
leaflock/handlers/import_export.go:403.3,404.17 2 0
leaflock/handlers/import_export.go:404.17,410.12 2 0
leaflock/handlers/import_export.go:413.3,414.17 2 0
leaflock/handlers/import_export.go:414.17,420.12 2 0
leaflock/handlers/import_export.go:423.3,429.17 3 0
leaflock/handlers/import_export.go:429.17,435.12 2 0
leaflock/handlers/import_export.go:439.3,445.5 2 0
leaflock/handlers/import_export.go:449.2,449.27 1 0
leaflock/handlers/import_export.go:449.27,450.73 1 0
leaflock/handlers/import_export.go:450.73,453.4 1 0
leaflock/handlers/import_export.go:456.2,461.4 1 0
leaflock/handlers/import_export.go:465.61,466.16 1 0
leaflock/handlers/import_export.go:467.18,469.30 2 0
leaflock/handlers/import_export.go:469.30,471.37 2 0
leaflock/handlers/import_export.go:471.37,473.5 1 0
leaflock/handlers/import_export.go:475.14,479.23 3 0
leaflock/handlers/import_export.go:479.23,481.4 1 0
leaflock/handlers/import_export.go:483.3,485.23 3 0
leaflock/handlers/import_export.go:485.23,487.4 1 0
leaflock/handlers/import_export.go:488.14,490.30 2 0
leaflock/handlers/import_export.go:490.30,492.18 2 0
leaflock/handlers/import_export.go:492.18,493.23 1 0
leaflock/handlers/import_export.go:493.23,495.6 1 0
leaflock/handlers/import_export.go:496.5,496.16 1 0
leaflock/handlers/import_export.go:499.14,501.64 2 0
leaflock/handlers/import_export.go:501.64,502.47 1 0
leaflock/handlers/import_export.go:502.47,504.5 1 0
leaflock/handlers/import_export.go:507.2,507.11 1 0
leaflock/handlers/import_export.go:510.64,511.16 1 0
leaflock/handlers/import_export.go:512.18,513.22 1 0
leaflock/handlers/import_export.go:514.14,516.56 1 0
leaflock/handlers/import_export.go:517.14,526.41 7 0
leaflock/handlers/import_export.go:527.14,529.64 2 0
leaflock/handlers/import_export.go:529.64,531.4 1 0
leaflock/handlers/import_export.go:533.3,533.58 1 0
leaflock/handlers/import_export.go:533.58,535.4 1 0
leaflock/handlers/import_export.go:536.3,536.51 1 0
leaflock/handlers/import_export.go:536.51,538.4 1 0
leaflock/handlers/import_export.go:541.3,542.56 2 0
leaflock/handlers/import_export.go:543.10,544.58 1 0
leaflock/handlers/import_export.go:548.113,549.16 1 0
leaflock/handlers/import_export.go:550.18,551.39 1 0
leaflock/handlers/import_export.go:552.14,559.33 6 0
leaflock/handlers/import_export.go:560.14,585.36 13 0
leaflock/handlers/import_export.go:586.14,595.17 3 0
leaflock/handlers/import_export.go:595.17,597.4 1 0
leaflock/handlers/import_export.go:598.3,598.52 1 0
leaflock/handlers/import_export.go:599.10,600.62 1 0
leaflock/handlers/import_export.go:604.52,610.24 4 0
leaflock/handlers/import_export.go:610.24,612.3 1 0
leaflock/handlers/import_export.go:614.2,614.20 1 0
leaflock/handlers/import_export.go:614.20,616.3 1 0
leaflock/handlers/import_export.go:618.2,618.16 1 0
leaflock/handlers/import_export.go:619.18,620.26 1 0
leaflock/handlers/import_export.go:621.14,622.27 1 0
leaflock/handlers/import_export.go:623.14,624.28 1 0
leaflock/handlers/import_export.go:625.14,626.28 1 0
leaflock/handlers/import_export.go:627.10,628.27 1 0
leaflock/handlers/notes.go:25.95,30.2 1 1
leaflock/handlers/notes.go:54.53,61.16 5 1
leaflock/handlers/notes.go:61.16,63.3 1 0
leaflock/handlers/notes.go:66.2,73.16 2 1
leaflock/handlers/notes.go:73.16,75.3 1 0
leaflock/handlers/notes.go:76.2,79.18 3 1
leaflock/handlers/notes.go:79.18,84.88 4 1
leaflock/handlers/notes.go:84.88,85.12 1 0
leaflock/handlers/notes.go:88.3,94.5 1 1
leaflock/handlers/notes.go:97.2,97.42 1 1
leaflock/handlers/notes.go:100.52,103.16 3 0
leaflock/handlers/notes.go:103.16,105.3 1 0
leaflock/handlers/notes.go:107.2,119.16 6 0
leaflock/handlers/notes.go:119.16,121.3 1 0
leaflock/handlers/notes.go:123.2,129.4 1 0
leaflock/handlers/notes.go:132.55,135.43 3 1
leaflock/handlers/notes.go:135.43,137.3 1 0
leaflock/handlers/notes.go:139.2,144.16 4 1
leaflock/handlers/notes.go:144.16,146.3 1 0
leaflock/handlers/notes.go:149.2,150.16 2 1
leaflock/handlers/notes.go:150.16,152.3 1 0
leaflock/handlers/notes.go:154.2,155.16 2 1
leaflock/handlers/notes.go:155.16,157.3 1 0
leaflock/handlers/notes.go:160.2,170.16 4 1
leaflock/handlers/notes.go:170.16,172.3 1 0
leaflock/handlers/notes.go:175.2,181.4 3 1
leaflock/handlers/notes.go:184.55,187.16 3 0
leaflock/handlers/notes.go:187.16,189.3 1 0
leaflock/handlers/notes.go:191.2,192.43 2 0
leaflock/handlers/notes.go:192.43,194.3 1 0
leaflock/handlers/notes.go:196.2,200.16 3 0
leaflock/handlers/notes.go:200.16,202.3 1 0
leaflock/handlers/notes.go:204.2,205.16 2 0
leaflock/handlers/notes.go:205.16,207.3 1 0
leaflock/handlers/notes.go:210.2,214.16 3 0
leaflock/handlers/notes.go:214.16,216.3 1 0
leaflock/handlers/notes.go:217.2,229.16 5 0
leaflock/handlers/notes.go:229.16,231.3 1 0
leaflock/handlers/notes.go:234.2,239.16 2 0
leaflock/handlers/notes.go:239.16,241.3 1 0
leaflock/handlers/notes.go:244.2,251.16 2 0
leaflock/handlers/notes.go:251.16,253.3 1 0
leaflock/handlers/notes.go:255.2,255.32 1 0
leaflock/handlers/notes.go:255.32,257.3 1 0
leaflock/handlers/notes.go:260.2,261.16 2 0
leaflock/handlers/notes.go:261.16,263.3 1 0
leaflock/handlers/notes.go:266.2,269.66 3 0
leaflock/handlers/notes.go:272.55,275.16 3 1
leaflock/handlers/notes.go:275.16,277.3 1 0
leaflock/handlers/notes.go:279.2,289.16 3 1
leaflock/handlers/notes.go:289.16,291.3 1 0
leaflock/handlers/notes.go:293.2,293.32 1 1
leaflock/handlers/notes.go:293.32,295.3 1 0
leaflock/handlers/notes.go:298.2,301.73 3 1
leaflock/handlers/notes.go:304.53,311.16 5 0
leaflock/handlers/notes.go:311.16,313.3 1 0
leaflock/handlers/notes.go:316.2,323.16 2 0
leaflock/handlers/notes.go:323.16,325.3 1 0
leaflock/handlers/notes.go:326.2,329.18 3 0
leaflock/handlers/notes.go:329.18,334.88 4 0
leaflock/handlers/notes.go:334.88,335.12 1 0
leaflock/handlers/notes.go:338.3,344.5 1 0
leaflock/handlers/notes.go:347.2,347.49 1 0
leaflock/handlers/notes.go:350.56,353.16 3 0
leaflock/handlers/notes.go:353.16,355.3 1 0
leaflock/handlers/notes.go:357.2,367.16 3 0
leaflock/handlers/notes.go:367.16,369.3 1 0
leaflock/handlers/notes.go:371.2,371.32 1 0
leaflock/handlers/notes.go:371.32,373.3 1 0
leaflock/handlers/notes.go:375.2,375.67 1 0
leaflock/handlers/notes.go:379.60,382.16 3 0
leaflock/handlers/notes.go:382.16,384.3 1 0
leaflock/handlers/notes.go:386.2,399.16 3 0
leaflock/handlers/notes.go:399.16,401.3 1 0
leaflock/handlers/notes.go:402.2,405.18 3 0
leaflock/handlers/notes.go:405.18,412.17 6 0
leaflock/handlers/notes.go:412.17,414.4 1 0
leaflock/handlers/notes.go:416.3,421.5 1 0
leaflock/handlers/notes.go:424.2,424.48 1 0
leaflock/handlers/notes.go:428.63,431.16 3 0
leaflock/handlers/notes.go:431.16,433.3 1 0
leaflock/handlers/notes.go:435.2,436.16 2 0
leaflock/handlers/notes.go:436.16,438.3 1 0
leaflock/handlers/notes.go:440.2,444.16 3 0
leaflock/handlers/notes.go:444.16,446.3 1 0
leaflock/handlers/notes.go:447.2,459.16 4 0
leaflock/handlers/notes.go:459.16,461.3 1 0
leaflock/handlers/notes.go:464.2,473.16 4 0
leaflock/handlers/notes.go:473.16,475.3 1 0
leaflock/handlers/notes.go:478.2,483.16 2 0
leaflock/handlers/notes.go:483.16,485.3 1 0
leaflock/handlers/notes.go:488.2,495.16 2 0
leaflock/handlers/notes.go:495.16,497.3 1 0
leaflock/handlers/notes.go:499.2,499.32 1 0
leaflock/handlers/notes.go:499.32,501.3 1 0
leaflock/handlers/notes.go:504.2,505.16 2 0
leaflock/handlers/notes.go:505.16,507.3 1 0
leaflock/handlers/notes.go:509.2,509.96 1 0
leaflock/handlers/notes.go:512.66,515.16 3 0
leaflock/handlers/notes.go:515.16,517.3 1 0
leaflock/handlers/notes.go:519.2,528.16 3 0
leaflock/handlers/notes.go:528.16,530.3 1 0
leaflock/handlers/notes.go:532.2,532.32 1 0
leaflock/handlers/notes.go:532.32,534.3 1 0
leaflock/handlers/notes.go:536.2,536.78 1 0
leaflock/handlers/search.go:21.97,23.2 1 1
leaflock/handlers/search.go:46.57,50.43 3 1
leaflock/handlers/search.go:50.43,52.3 1 0
leaflock/handlers/search.go:55.2,55.21 1 1
leaflock/handlers/search.go:55.21,57.3 1 1
leaflock/handlers/search.go:59.2,59.20 1 1
leaflock/handlers/search.go:59.20,61.3 1 0
leaflock/handlers/search.go:62.2,62.21 1 1
leaflock/handlers/search.go:62.21,64.3 1 0
leaflock/handlers/search.go:67.2,75.16 3 1
leaflock/handlers/search.go:75.16,77.3 1 0
leaflock/handlers/search.go:78.2,83.18 4 1
leaflock/handlers/search.go:83.18,89.17 5 0
leaflock/handlers/search.go:89.17,90.12 1 0
leaflock/handlers/search.go:94.3,95.17 2 0
leaflock/handlers/search.go:95.17,96.12 1 0
leaflock/handlers/search.go:99.3,100.17 2 0
leaflock/handlers/search.go:100.17,101.12 1 0
leaflock/handlers/search.go:104.3,111.95 5 0
leaflock/handlers/search.go:111.95,125.33 3 0
leaflock/handlers/search.go:125.33,126.10 1 0
leaflock/handlers/search.go:131.2,135.4 1 1
leaflock/handlers/search.go:139.71,144.17 4 0
leaflock/handlers/search.go:144.17,146.32 1 0
leaflock/handlers/search.go:146.32,148.4 1 0
leaflock/handlers/search.go:149.3,149.37 1 0
leaflock/handlers/search.go:153.2,154.15 2 0
leaflock/handlers/search.go:154.15,156.3 1 0
leaflock/handlers/search.go:158.2,159.24 2 0
leaflock/handlers/search.go:159.24,161.3 1 0
leaflock/handlers/search.go:163.2,166.15 2 0
leaflock/handlers/search.go:166.15,168.3 1 0
leaflock/handlers/search.go:169.2,169.24 1 0
leaflock/handlers/search.go:169.24,171.3 1 0
leaflock/handlers/search.go:173.2,173.16 1 0
leaflock/handlers/tags.go:24.93,26.2 1 1
leaflock/handlers/tags.go:37.51,47.16 4 1
leaflock/handlers/tags.go:47.16,49.3 1 0
leaflock/handlers/tags.go:50.2,53.18 3 1
leaflock/handlers/tags.go:53.18,62.82 2 1
leaflock/handlers/tags.go:62.82,63.12 1 0
leaflock/handlers/tags.go:66.3,67.17 2 1
leaflock/handlers/tags.go:67.17,68.12 1 0
leaflock/handlers/tags.go:71.3,77.5 1 1
leaflock/handlers/tags.go:80.2,80.40 1 1
leaflock/handlers/tags.go:83.53,86.43 3 1
leaflock/handlers/tags.go:86.43,88.3 1 0
leaflock/handlers/tags.go:90.2,90.58 1 1
leaflock/handlers/tags.go:90.58,92.3 1 0
leaflock/handlers/tags.go:93.2,93.21 1 1
leaflock/handlers/tags.go:93.21,95.3 1 0
leaflock/handlers/tags.go:97.2,98.16 2 1
leaflock/handlers/tags.go:98.16,100.3 1 0
leaflock/handlers/tags.go:102.2,109.16 4 1
leaflock/handlers/tags.go:109.16,110.49 1 0
leaflock/handlers/tags.go:110.49,112.4 1 0
leaflock/handlers/tags.go:113.3,113.72 1 0
leaflock/handlers/tags.go:116.2,116.90 1 1
leaflock/handlers/tags.go:119.53,122.16 3 0
leaflock/handlers/tags.go:122.16,124.3 1 0
leaflock/handlers/tags.go:126.2,131.16 3 0
leaflock/handlers/tags.go:131.16,133.3 1 0
leaflock/handlers/tags.go:134.2,134.32 1 0
leaflock/handlers/tags.go:134.32,136.3 1 0
leaflock/handlers/tags.go:138.2,138.65 1 0
leaflock/handlers/tags.go:141.59,144.16 3 0
leaflock/handlers/tags.go:144.16,146.3 1 0
leaflock/handlers/tags.go:148.2,149.43 2 0
leaflock/handlers/tags.go:149.43,151.3 1 0
leaflock/handlers/tags.go:153.2,154.16 2 0
leaflock/handlers/tags.go:154.16,156.3 1 0
leaflock/handlers/tags.go:158.2,163.16 4 0
leaflock/handlers/tags.go:163.16,165.3 1 0
leaflock/handlers/tags.go:167.2,172.16 2 0
leaflock/handlers/tags.go:172.16,174.3 1 0
leaflock/handlers/tags.go:176.2,176.66 1 0
leaflock/handlers/tags.go:179.61,182.16 3 0
leaflock/handlers/tags.go:182.16,184.3 1 0
leaflock/handlers/tags.go:186.2,187.16 2 0
leaflock/handlers/tags.go:187.16,189.3 1 0
leaflock/handlers/tags.go:191.2,203.16 3 0
leaflock/handlers/tags.go:203.16,205.3 1 0
leaflock/handlers/tags.go:206.2,206.32 1 0
leaflock/handlers/tags.go:206.32,208.3 1 0
leaflock/handlers/tags.go:210.2,210.65 1 0
leaflock/handlers/tags.go:213.57,216.16 3 0
leaflock/handlers/tags.go:216.16,218.3 1 0
leaflock/handlers/tags.go:220.2,230.16 3 0
leaflock/handlers/tags.go:230.16,232.3 1 0
leaflock/handlers/tags.go:233.2,236.18 3 0
leaflock/handlers/tags.go:236.18,245.88 2 0
leaflock/handlers/tags.go:245.88,246.12 1 0
leaflock/handlers/tags.go:249.3,255.5 1 0
leaflock/handlers/tags.go:258.2,258.42 1 0
leaflock/handlers/templates.go:22.103,24.2 1 1
leaflock/handlers/templates.go:49.61,59.16 4 0
leaflock/handlers/templates.go:59.16,61.3 1 0
leaflock/handlers/templates.go:62.2,65.18 3 0
leaflock/handlers/templates.go:65.18,75.17 9 0
leaflock/handlers/templates.go:75.17,76.12 1 0
leaflock/handlers/templates.go:80.3,81.17 2 0
leaflock/handlers/templates.go:81.17,82.12 1 0
leaflock/handlers/templates.go:84.3,87.36 3 0
leaflock/handlers/templates.go:87.36,89.18 2 0
leaflock/handlers/templates.go:89.18,91.5 1 0
leaflock/handlers/templates.go:95.3,107.42 2 0
leaflock/handlers/templates.go:110.2,110.50 1 0
leaflock/handlers/templates.go:113.60,116.16 3 0
leaflock/handlers/templates.go:116.16,118.3 1 0
leaflock/handlers/templates.go:120.2,133.16 9 0
leaflock/handlers/templates.go:133.16,135.3 1 0
leaflock/handlers/templates.go:138.2,139.16 2 0
leaflock/handlers/templates.go:139.16,141.3 1 0
leaflock/handlers/templates.go:142.2,145.35 3 0
leaflock/handlers/templates.go:145.35,147.17 2 0
leaflock/handlers/templates.go:147.17,149.4 1 0
leaflock/handlers/templates.go:152.2,153.16 2 0
leaflock/handlers/templates.go:153.16,155.3 1 0
leaflock/handlers/templates.go:156.2,171.25 3 0
leaflock/handlers/templates.go:174.63,178.43 3 1
leaflock/handlers/templates.go:178.43,180.3 1 0
leaflock/handlers/templates.go:183.2,184.16 2 1
leaflock/handlers/templates.go:184.16,186.3 1 0
leaflock/handlers/templates.go:188.2,189.27 2 1
leaflock/handlers/templates.go:189.27,191.17 2 1
leaflock/handlers/templates.go:191.17,193.4 1 0
leaflock/handlers/templates.go:196.2,197.16 2 1
leaflock/handlers/templates.go:197.16,199.3 1 0
leaflock/handlers/templates.go:202.2,203.16 2 1
leaflock/handlers/templates.go:203.16,205.3 1 0
leaflock/handlers/templates.go:207.2,214.16 4 1
leaflock/handlers/templates.go:214.16,216.3 1 0
leaflock/handlers/templates.go:218.2,221.4 1 1
leaflock/handlers/templates.go:224.63,227.16 3 0
leaflock/handlers/templates.go:227.16,229.3 1 0
leaflock/handlers/templates.go:231.2,232.43 2 0
leaflock/handlers/templates.go:232.43,234.3 1 0
leaflock/handlers/templates.go:237.2,238.16 2 0
leaflock/handlers/templates.go:238.16,240.3 1 0
leaflock/handlers/templates.go:242.2,243.27 2 0
leaflock/handlers/templates.go:243.27,245.17 2 0
leaflock/handlers/templates.go:245.17,247.4 1 0
leaflock/handlers/templates.go:250.2,251.16 2 0
leaflock/handlers/templates.go:251.16,253.3 1 0
leaflock/handlers/templates.go:256.2,257.16 2 0
leaflock/handlers/templates.go:257.16,259.3 1 0
leaflock/handlers/templates.go:261.2,267.16 3 0
leaflock/handlers/templates.go:267.16,269.3 1 0
leaflock/handlers/templates.go:271.2,271.32 1 0
leaflock/handlers/templates.go:271.32,273.3 1 0
leaflock/handlers/templates.go:275.2,275.70 1 0
leaflock/handlers/templates.go:278.63,281.16 3 0
leaflock/handlers/templates.go:281.16,283.3 1 0
leaflock/handlers/templates.go:285.2,287.16 3 0
leaflock/handlers/templates.go:287.16,289.3 1 0
leaflock/handlers/templates.go:291.2,291.32 1 0
leaflock/handlers/templates.go:291.32,293.3 1 0
leaflock/handlers/templates.go:295.2,295.70 1 0
leaflock/handlers/templates.go:298.60,301.16 3 0
leaflock/handlers/templates.go:301.16,303.3 1 0
leaflock/handlers/templates.go:305.2,306.43 2 0
leaflock/handlers/templates.go:306.43,308.3 1 0
leaflock/handlers/templates.go:310.2,320.16 5 0
leaflock/handlers/templates.go:320.16,322.3 1 0
leaflock/handlers/templates.go:325.2,326.16 2 0
leaflock/handlers/templates.go:326.16,328.3 1 0
leaflock/handlers/templates.go:329.2,332.16 3 0
leaflock/handlers/templates.go:332.16,334.3 1 0
leaflock/handlers/templates.go:335.2,339.17 3 0
leaflock/handlers/templates.go:339.17,341.3 1 0
leaflock/handlers/templates.go:344.2,345.16 2 0
leaflock/handlers/templates.go:345.16,347.3 1 0
leaflock/handlers/templates.go:349.2,350.16 2 0
leaflock/handlers/templates.go:350.16,352.3 1 0
leaflock/handlers/templates.go:355.2,356.48 2 0
leaflock/handlers/templates.go:356.48,358.17 2 0
leaflock/handlers/templates.go:358.17,360.4 1 0
leaflock/handlers/templates.go:361.3,366.17 4 0
leaflock/handlers/templates.go:366.17,368.4 1 0
leaflock/handlers/templates.go:372.2,378.16 3 0
leaflock/handlers/templates.go:378.16,380.3 1 0
leaflock/handlers/templates.go:383.2,386.16 2 0
leaflock/handlers/templates.go:386.16,389.3 1 0
leaflock/handlers/templates.go:391.2,394.4 1 0
