mode: atomic
leaflock/auth/admin.go:26.36,32.17 4 0
leaflock/auth/admin.go:32.17,34.3 1 0
leaflock/auth/admin.go:37.2,37.31 1 0
leaflock/auth/admin.go:37.31,39.3 1 0
leaflock/auth/admin.go:41.2,45.3 1 0
leaflock/auth/admin.go:51.72,55.21 2 0
leaflock/auth/admin.go:55.21,58.3 2 0
leaflock/auth/admin.go:61.2,61.24 1 0
leaflock/auth/admin.go:61.24,63.3 1 0
leaflock/auth/admin.go:64.2,64.27 1 0
leaflock/auth/admin.go:64.27,66.3 1 0
leaflock/auth/admin.go:69.2,69.77 1 0
leaflock/auth/admin.go:69.77,71.3 1 0
leaflock/auth/admin.go:74.2,89.26 7 0
leaflock/auth/admin.go:89.26,92.3 1 0
leaflock/auth/admin.go:92.8,92.23 1 0
leaflock/auth/admin.go:92.23,94.3 1 0
leaflock/auth/admin.go:97.2,97.93 1 0
leaflock/auth/admin.go:101.85,106.16 3 0
leaflock/auth/admin.go:106.16,108.3 1 0
leaflock/auth/admin.go:111.2,115.48 3 0
leaflock/auth/admin.go:115.48,117.3 1 0
leaflock/auth/admin.go:120.2,125.16 4 0
leaflock/auth/admin.go:125.16,127.3 1 0
leaflock/auth/admin.go:130.2,139.16 5 0
leaflock/auth/admin.go:139.16,141.3 1 0
leaflock/auth/admin.go:142.2,142.15 1 0
leaflock/auth/admin.go:142.15,144.3 1 0
leaflock/auth/admin.go:147.2,161.16 4 0
leaflock/auth/admin.go:161.16,163.3 1 0
leaflock/auth/admin.go:166.2,167.50 2 0
leaflock/auth/admin.go:167.50,169.3 1 0
leaflock/auth/admin.go:171.2,176.16 3 0
leaflock/auth/admin.go:176.16,178.3 1 0
leaflock/auth/admin.go:181.2,183.51 3 0
leaflock/auth/admin.go:183.51,185.3 1 0
leaflock/auth/admin.go:188.2,190.16 3 0
leaflock/auth/admin.go:190.16,192.3 1 0
leaflock/auth/admin.go:195.2,197.16 3 0
leaflock/auth/admin.go:197.16,199.3 1 0
leaflock/auth/admin.go:201.2,206.16 3 0
leaflock/auth/admin.go:206.16,208.3 1 0
leaflock/auth/admin.go:211.2,216.16 3 0
leaflock/auth/admin.go:216.16,218.3 1 0
leaflock/auth/admin.go:221.2,221.39 1 0
leaflock/auth/admin.go:221.39,223.3 1 0
leaflock/auth/admin.go:225.2,226.12 2 0
leaflock/auth/admin.go:230.165,234.14 2 0
leaflock/auth/admin.go:234.14,237.3 2 0
leaflock/auth/admin.go:241.2,242.44 2 0
leaflock/auth/admin.go:242.44,248.17 4 0
leaflock/auth/admin.go:248.17,250.4 1 0
leaflock/auth/admin.go:253.3,257.49 3 0
leaflock/auth/admin.go:257.49,259.4 1 0
leaflock/auth/admin.go:262.3,267.17 4 0
leaflock/auth/admin.go:267.17,269.4 1 0
leaflock/auth/admin.go:272.3,285.17 2 0
leaflock/auth/admin.go:285.17,287.4 1 0
leaflock/auth/admin.go:289.3,290.22 2 0
leaflock/auth/admin.go:294.2,294.29 1 0
leaflock/auth/admin.go:294.29,296.17 2 0
leaflock/auth/admin.go:296.17,298.4 1 0
leaflock/auth/admin.go:301.3,306.17 2 0
leaflock/auth/admin.go:306.17,308.4 1 0
leaflock/auth/admin.go:310.3,310.69 1 0
leaflock/auth/admin.go:313.2,313.60 1 0
leaflock/auth/admin.go:313.60,315.3 1 0
leaflock/auth/admin.go:317.2,317.12 1 0
leaflock/auth/admin.go:321.44,326.27 3 0
leaflock/auth/admin.go:326.27,328.31 1 0
leaflock/auth/admin.go:328.31,330.4 1 0
leaflock/auth/admin.go:330.9,332.4 1 0
leaflock/auth/admin.go:335.2,340.3 1 0
leaflock/auth/clerk_error_handler.go:19.48,23.2 1 1
leaflock/auth/clerk_error_handler.go:26.95,29.49 2 0
leaflock/auth/clerk_error_handler.go:29.49,31.3 1 0
leaflock/auth/clerk_error_handler.go:34.2,49.4 3 0
leaflock/auth/clerk_error_handler.go:53.119,56.9 2 0
leaflock/auth/clerk_error_handler.go:57.43,58.84 1 0
leaflock/auth/clerk_error_handler.go:60.43,61.78 1 0
leaflock/auth/clerk_error_handler.go:63.46,64.81 1 0
leaflock/auth/clerk_error_handler.go:66.48,67.85 1 0
leaflock/auth/clerk_error_handler.go:69.45,70.70 1 0
leaflock/auth/clerk_error_handler.go:72.50,73.67 1 0
leaflock/auth/clerk_error_handler.go:75.85,76.70 1 0
leaflock/auth/clerk_error_handler.go:78.43,79.68 1 0
leaflock/auth/clerk_error_handler.go:81.10,82.74 1 0
leaflock/auth/clerk_error_handler.go:87.58,88.16 1 3
leaflock/auth/clerk_error_handler.go:88.16,90.3 1 1
leaflock/auth/clerk_error_handler.go:93.2,93.59 1 2
leaflock/auth/clerk_error_handler.go:97.62,98.26 1 0
leaflock/auth/clerk_error_handler.go:98.26,100.3 1 0
leaflock/auth/clerk_error_handler.go:102.2,102.30 1 0
leaflock/auth/clerk_error_handler.go:102.30,104.3 1 0
leaflock/auth/clerk_error_handler.go:107.2,108.39 2 0
leaflock/auth/clerk_error_handler.go:108.39,109.65 1 0
leaflock/auth/clerk_error_handler.go:109.65,111.4 1 0
leaflock/auth/clerk_error_handler.go:114.2,114.12 1 0
leaflock/auth/clerk_error_handler.go:118.43,119.16 1 0
leaflock/auth/clerk_error_handler.go:119.16,121.3 1 0
leaflock/auth/clerk_error_handler.go:123.2,140.18 7 0
leaflock/auth/clerk_error_handler.go:144.36,151.19 2 0
leaflock/auth/clerk_error_handler.go:151.19,153.3 1 0
leaflock/auth/clerk_error_handler.go:156.2,157.36 2 0
leaflock/auth/clerk_error_handler.go:157.36,158.28 1 0
leaflock/auth/clerk_error_handler.go:158.28,160.14 1 0
leaflock/auth/clerk_error_handler.go:160.14,162.5 1 0
leaflock/auth/clerk_error_handler.go:162.10,164.5 1 0
leaflock/auth/clerk_error_handler.go:165.4,165.9 1 0
leaflock/auth/clerk_error_handler.go:170.2,171.40 2 0
leaflock/auth/clerk_error_handler.go:171.40,174.65 1 0
leaflock/auth/clerk_error_handler.go:174.65,175.12 1 0
leaflock/auth/clerk_error_handler.go:179.3,180.8 2 0
leaflock/auth/clerk_error_handler.go:184.2,184.27 1 0
leaflock/auth/clerk_error_handler.go:184.27,186.3 1 0
leaflock/auth/clerk_error_handler.go:188.2,188.10 1 0
leaflock/auth/clerk_error_handler.go:192.36,198.29 3 0
leaflock/auth/clerk_error_handler.go:198.29,199.116 1 0
leaflock/auth/clerk_error_handler.go:199.116,201.4 1 0
leaflock/auth/clerk_error_handler.go:201.9,203.4 1 0
leaflock/auth/clerk_error_handler.go:206.2,206.34 1 0
leaflock/auth/clerk_error_handler.go:210.42,217.29 3 0
leaflock/auth/clerk_error_handler.go:217.29,221.27 2 0
leaflock/auth/clerk_error_handler.go:221.27,222.30 1 0
leaflock/auth/clerk_error_handler.go:222.30,224.5 1 0
leaflock/auth/clerk_error_handler.go:228.3,228.22 1 0
leaflock/auth/clerk_error_handler.go:228.22,230.4 1 0
leaflock/auth/clerk_error_handler.go:233.2,233.15 1 0
leaflock/auth/clerk_error_handler.go:237.41,239.72 1 0
leaflock/auth/clerk_error_handler.go:239.72,241.3 1 0
leaflock/auth/clerk_error_handler.go:242.2,242.10 1 0
leaflock/auth/clerk_error_handler.go:246.101,252.34 3 0
leaflock/auth/clerk_error_handler.go:252.34,254.3 1 0
leaflock/auth/clerk_error_handler.go:257.2,257.56 1 0
leaflock/auth/clerk_error_handler.go:261.97,266.34 3 0
leaflock/auth/clerk_error_handler.go:266.34,268.3 1 0
leaflock/auth/clerk_error_handler.go:270.2,270.60 1 0
leaflock/auth/clerk_error_handler.go:277.67,281.59 3 0
leaflock/auth/clerk_error_handler.go:281.59,282.40 1 0
leaflock/auth/clerk_error_handler.go:282.40,284.4 1 0
leaflock/auth/clerk_error_handler.go:287.2,288.13 2 0
leaflock/auth/clerk_functions.go:47.101,48.23 1 0
leaflock/auth/clerk_functions.go:48.23,50.3 1 0
leaflock/auth/clerk_functions.go:54.2,58.8 1 0
leaflock/auth/clerk_functions.go:62.59,67.24 3 0
leaflock/auth/clerk_functions.go:67.24,72.3 1 0
leaflock/auth/clerk_functions.go:75.2,76.16 2 0
leaflock/auth/clerk_functions.go:76.16,81.3 1 0
leaflock/auth/clerk_functions.go:84.2,86.16 3 0
leaflock/auth/clerk_functions.go:86.16,91.3 1 0
leaflock/auth/clerk_functions.go:94.2,95.16 2 0
leaflock/auth/clerk_functions.go:95.16,100.3 1 0
leaflock/auth/clerk_functions.go:103.2,104.35 2 0
leaflock/auth/clerk_functions.go:104.35,105.24 1 0
leaflock/auth/clerk_functions.go:105.24,107.9 2 0
leaflock/auth/clerk_functions.go:111.2,114.4 1 0
leaflock/auth/clerk_functions.go:118.59,123.24 3 0
leaflock/auth/clerk_functions.go:123.24,128.3 1 0
leaflock/auth/clerk_functions.go:131.2,132.16 2 0
leaflock/auth/clerk_functions.go:132.16,137.3 1 0
leaflock/auth/clerk_functions.go:140.2,142.16 3 0
leaflock/auth/clerk_functions.go:142.16,147.3 1 0
leaflock/auth/clerk_functions.go:149.2,151.4 1 0
leaflock/auth/clerk_functions.go:155.56,160.24 3 0
leaflock/auth/clerk_functions.go:160.24,165.3 1 0
leaflock/auth/clerk_functions.go:168.2,169.16 2 0
leaflock/auth/clerk_functions.go:169.16,174.3 1 0
leaflock/auth/clerk_functions.go:177.2,179.16 3 0
leaflock/auth/clerk_functions.go:179.16,184.3 1 0
leaflock/auth/clerk_functions.go:186.2,188.4 1 0
leaflock/auth/clerk_functions.go:192.58,196.21 3 0
leaflock/auth/clerk_functions.go:196.21,201.3 1 0
leaflock/auth/clerk_functions.go:204.2,205.24 2 0
leaflock/auth/clerk_functions.go:205.24,210.3 1 0
leaflock/auth/clerk_functions.go:213.2,214.16 2 0
leaflock/auth/clerk_functions.go:214.16,219.3 1 0
leaflock/auth/clerk_functions.go:222.2,224.16 3 0
leaflock/auth/clerk_functions.go:224.16,229.3 1 0
leaflock/auth/clerk_functions.go:232.2,238.4 2 0
leaflock/auth/clerk_functions.go:242.61,247.24 3 0
leaflock/auth/clerk_functions.go:247.24,252.3 1 0
leaflock/auth/clerk_functions.go:255.2,256.16 2 0
leaflock/auth/clerk_functions.go:256.16,261.3 1 0
leaflock/auth/clerk_functions.go:264.2,266.16 3 0
leaflock/auth/clerk_functions.go:266.16,271.3 1 0
leaflock/auth/clerk_functions.go:273.2,275.4 1 0
leaflock/auth/clerk_functions.go:279.63,284.24 3 0
leaflock/auth/clerk_functions.go:284.24,289.3 1 0
leaflock/auth/clerk_functions.go:292.2,293.16 2 0
leaflock/auth/clerk_functions.go:293.16,298.3 1 0
leaflock/auth/clerk_functions.go:301.2,306.43 2 0
leaflock/auth/clerk_functions.go:306.43,311.3 1 0
leaflock/auth/clerk_functions.go:314.2,316.16 3 0
leaflock/auth/clerk_functions.go:316.16,321.3 1 0
leaflock/auth/clerk_functions.go:324.2,336.4 2 0
leaflock/auth/clerk_functions.go:340.60,344.17 3 0
leaflock/auth/clerk_functions.go:344.17,349.3 1 0
leaflock/auth/clerk_functions.go:352.2,353.24 2 0
leaflock/auth/clerk_functions.go:353.24,358.3 1 0
leaflock/auth/clerk_functions.go:361.2,362.16 2 0
leaflock/auth/clerk_functions.go:362.16,367.3 1 0
leaflock/auth/clerk_functions.go:370.2,372.16 3 0
leaflock/auth/clerk_functions.go:372.16,377.3 1 0
leaflock/auth/clerk_functions.go:379.2,381.4 1 0
leaflock/auth/clerk_functions.go:385.63,389.17 3 0
leaflock/auth/clerk_functions.go:389.17,394.3 1 0
leaflock/auth/clerk_functions.go:397.2,398.24 2 0
leaflock/auth/clerk_functions.go:398.24,403.3 1 0
leaflock/auth/clerk_functions.go:406.2,407.16 2 0
leaflock/auth/clerk_functions.go:407.16,412.3 1 0
leaflock/auth/clerk_functions.go:415.2,420.43 2 0
leaflock/auth/clerk_functions.go:420.43,425.3 1 0
leaflock/auth/clerk_functions.go:428.2,430.16 3 0
leaflock/auth/clerk_functions.go:430.16,435.3 1 0
leaflock/auth/clerk_functions.go:438.2,450.4 2 0
leaflock/auth/clerk_functions.go:455.123,458.2 1 0
leaflock/auth/clerk_functions.go:460.140,463.2 1 0
leaflock/auth/clerk_functions.go:465.134,474.2 1 0
leaflock/auth/clerk_functions.go:476.144,479.2 1 0
leaflock/auth/clerk_functions.go:493.113,494.23 1 0
leaflock/auth/clerk_functions.go:494.23,496.3 1 0
leaflock/auth/clerk_functions.go:500.2,500.35 1 0
leaflock/auth/clerk_functions.go:504.86,505.21 1 0
leaflock/auth/clerk_functions.go:505.21,507.3 1 0
leaflock/auth/clerk_functions.go:511.2,511.12 1 0
leaflock/auth/clerk_middleware.go:15.55,18.22 2 0
leaflock/auth/clerk_middleware.go:18.22,23.3 1 0
leaflock/auth/clerk_middleware.go:26.2,27.45 2 0
leaflock/auth/clerk_middleware.go:27.45,32.3 1 0
leaflock/auth/clerk_middleware.go:34.2,44.16 5 0
leaflock/auth/clerk_middleware.go:44.16,46.26 1 0
leaflock/auth/clerk_middleware.go:46.26,51.4 1 0
leaflock/auth/clerk_middleware.go:53.3,56.5 1 0
leaflock/auth/clerk_middleware.go:60.2,61.16 2 0
leaflock/auth/clerk_middleware.go:61.16,66.3 1 0
leaflock/auth/clerk_middleware.go:68.2,78.17 8 0
leaflock/auth/clerk_middleware.go:82.63,84.22 2 0
leaflock/auth/clerk_middleware.go:84.22,86.3 1 0
leaflock/auth/clerk_middleware.go:88.2,89.45 2 0
leaflock/auth/clerk_middleware.go:89.45,91.3 1 0
leaflock/auth/clerk_middleware.go:93.2,97.16 3 0
leaflock/auth/clerk_middleware.go:97.16,99.3 1 0
leaflock/auth/clerk_middleware.go:102.2,103.16 2 0
leaflock/auth/clerk_middleware.go:103.16,105.3 1 0
leaflock/auth/clerk_middleware.go:107.2,115.17 6 0
leaflock/auth/clerk_middleware.go:119.103,124.16 2 0
leaflock/auth/clerk_middleware.go:124.16,126.3 1 0
leaflock/auth/clerk_middleware.go:128.2,128.20 1 0
leaflock/auth/clerk_middleware.go:132.96,135.23 2 0
leaflock/auth/clerk_middleware.go:135.23,137.3 1 0
leaflock/auth/clerk_middleware.go:145.2,146.16 2 0
leaflock/auth/clerk_middleware.go:146.16,148.3 1 0
leaflock/auth/clerk_middleware.go:150.2,150.20 1 0
leaflock/auth/clerk_middleware.go:154.87,160.29 1 0
leaflock/auth/clerk_middleware.go:160.29,162.3 1 0
leaflock/auth/clerk_middleware.go:165.2,165.35 1 0
leaflock/auth/clerk_middleware.go:165.35,167.3 1 0
leaflock/auth/clerk_middleware.go:170.2,170.46 1 0
leaflock/auth/clerk_middleware.go:170.46,172.3 1 0
leaflock/auth/clerk_middleware.go:174.2,174.14 1 0
leaflock/auth/clerk_middleware.go:178.46,179.21 1 0
leaflock/auth/clerk_middleware.go:179.21,181.3 1 0
leaflock/auth/clerk_middleware.go:184.2,186.12 2 0
leaflock/auth/clerk_middleware_enhanced.go:22.63,26.33 2 6
leaflock/auth/clerk_middleware_enhanced.go:26.33,31.3 4 0
leaflock/auth/clerk_middleware_enhanced.go:34.2,35.22 2 6
leaflock/auth/clerk_middleware_enhanced.go:35.22,41.3 2 1
leaflock/auth/clerk_middleware_enhanced.go:44.2,45.45 2 5
leaflock/auth/clerk_middleware_enhanced.go:45.45,51.3 2 4
leaflock/auth/clerk_middleware_enhanced.go:53.2,55.33 2 1
leaflock/auth/clerk_middleware_enhanced.go:55.33,57.3 1 0
leaflock/auth/clerk_middleware_enhanced.go:60.2,61.16 2 1
leaflock/auth/clerk_middleware_enhanced.go:61.16,65.26 2 1
leaflock/auth/clerk_middleware_enhanced.go:65.26,71.4 1 0
leaflock/auth/clerk_middleware_enhanced.go:73.3,77.5 1 1
leaflock/auth/clerk_middleware_enhanced.go:80.2,80.33 1 0
leaflock/auth/clerk_middleware_enhanced.go:80.33,84.3 2 0
leaflock/auth/clerk_middleware_enhanced.go:87.2,88.16 2 0
leaflock/auth/clerk_middleware_enhanced.go:88.16,95.3 2 0
leaflock/auth/clerk_middleware_enhanced.go:97.2,107.33 8 0
leaflock/auth/clerk_middleware_enhanced.go:107.33,109.3 1 0
leaflock/auth/clerk_middleware_enhanced.go:111.2,111.17 1 0
leaflock/auth/clerk_middleware_enhanced.go:115.120,117.15 2 1
leaflock/auth/clerk_middleware_enhanced.go:117.15,118.34 1 1
leaflock/auth/clerk_middleware_enhanced.go:118.34,121.4 2 0
leaflock/auth/clerk_middleware_enhanced.go:125.2,125.29 1 1
leaflock/auth/clerk_middleware_enhanced.go:125.29,127.3 1 1
leaflock/auth/clerk_middleware_enhanced.go:130.2,133.16 2 0
leaflock/auth/clerk_middleware_enhanced.go:133.16,135.3 1 0
leaflock/auth/clerk_middleware_enhanced.go:137.2,137.19 1 0
leaflock/auth/clerk_middleware_enhanced.go:137.19,139.3 1 0
leaflock/auth/clerk_middleware_enhanced.go:142.2,142.26 1 0
leaflock/auth/clerk_middleware_enhanced.go:142.26,144.3 1 0
leaflock/auth/clerk_middleware_enhanced.go:146.2,146.28 1 0
leaflock/auth/clerk_middleware_enhanced.go:146.28,148.3 1 0
leaflock/auth/clerk_middleware_enhanced.go:150.2,150.26 1 0
leaflock/auth/clerk_middleware_enhanced.go:150.26,152.3 1 0
leaflock/auth/clerk_middleware_enhanced.go:155.2,156.26 2 0
leaflock/auth/clerk_middleware_enhanced.go:156.26,158.3 1 0
leaflock/auth/clerk_middleware_enhanced.go:160.2,160.20 1 0
leaflock/auth/clerk_middleware_enhanced.go:164.80,165.34 1 4
leaflock/auth/clerk_middleware_enhanced.go:165.34,167.3 1 2
leaflock/auth/clerk_middleware_enhanced.go:170.2,179.3 3 2
leaflock/auth/clerk_middleware_enhanced.go:183.45,187.2 1 6
leaflock/auth/clerk_middleware_enhanced.go:190.59,192.33 1 1
leaflock/auth/clerk_middleware_enhanced.go:192.33,198.3 2 0
leaflock/auth/clerk_middleware_enhanced.go:200.2,200.37 1 1
leaflock/auth/clerk_middleware_enhanced.go:204.61,214.21 5 1
leaflock/auth/clerk_middleware_enhanced.go:214.21,217.3 2 1
leaflock/auth/clerk_middleware_enhanced.go:219.2,220.15 2 0
leaflock/auth/clerk_middleware_enhanced.go:220.15,222.3 1 0
leaflock/auth/clerk_middleware_enhanced.go:224.2,225.14 2 0
leaflock/auth/clerk_middleware_enhanced.go:229.24,230.11 1 9
leaflock/auth/clerk_middleware_enhanced.go:230.11,232.3 1 3
leaflock/auth/clerk_middleware_enhanced.go:233.2,233.10 1 6
leaflock/auth/clerk_security.go:16.49,17.22 1 0
leaflock/auth/clerk_security.go:17.22,19.3 1 0
leaflock/auth/clerk_security.go:20.2,20.62 1 0
leaflock/auth/clerk_security.go:24.85,26.21 1 0
leaflock/auth/clerk_security.go:26.21,28.3 1 0
leaflock/auth/clerk_security.go:31.2,34.60 2 0
leaflock/auth/clerk_security.go:38.111,41.16 1 0
leaflock/auth/clerk_security.go:41.16,43.3 1 0
leaflock/auth/clerk_security.go:44.2,44.41 1 0
leaflock/auth/clerk_security.go:48.44,52.2 2 0
leaflock/auth/clerk_security.go:55.72,61.2 2 0
leaflock/auth/clerk_security.go:64.65,65.22 1 0
leaflock/auth/clerk_security.go:65.22,67.3 1 0
leaflock/auth/clerk_security.go:72.2,72.29 1 0
leaflock/auth/clerk_security.go:72.29,74.14 2 0
leaflock/auth/clerk_security.go:74.14,76.4 1 0
leaflock/auth/clerk_security.go:79.3,79.43 1 0
leaflock/auth/clerk_security.go:79.43,81.4 1 0
leaflock/auth/clerk_security.go:84.2,84.13 1 0
leaflock/auth/clerk_security.go:88.49,93.28 3 0
leaflock/auth/clerk_security.go:93.28,95.3 1 0
leaflock/auth/clerk_security.go:97.2,97.68 1 0
leaflock/auth/clerk_security.go:101.48,108.2 3 0
leaflock/auth/clerk_security.go:111.47,113.2 1 0
leaflock/auth/clerk_security.go:116.52,120.2 2 0
leaflock/auth/clerk_session.go:19.68,21.2 1 0
leaflock/auth/clerk_session.go:24.116,29.16 3 0
leaflock/auth/clerk_session.go:29.16,31.3 1 0
leaflock/auth/clerk_session.go:35.2,35.25 1 0
leaflock/auth/clerk_session.go:35.25,42.3 2 0
leaflock/auth/clerk_session.go:44.2,44.56 1 0
leaflock/auth/clerk_session.go:48.115,49.23 1 0
leaflock/auth/clerk_session.go:49.23,51.3 1 0
leaflock/auth/clerk_session.go:55.2,62.22 2 0
leaflock/auth/clerk_session.go:66.91,67.21 1 0
leaflock/auth/clerk_session.go:67.21,69.3 1 0
leaflock/auth/clerk_session.go:78.2,78.12 1 0
leaflock/auth/clerk_session.go:82.111,84.16 2 0
leaflock/auth/clerk_session.go:84.16,86.3 1 0
leaflock/auth/clerk_session.go:89.2,90.28 2 0
leaflock/auth/clerk_session.go:90.28,92.3 1 0
leaflock/auth/clerk_session.go:94.2,95.26 2 0
leaflock/auth/clerk_session.go:95.26,97.3 1 0
leaflock/auth/clerk_session.go:99.2,104.8 1 0
leaflock/auth/common.go:4.37,6.16 1 6
leaflock/auth/common.go:6.16,8.3 1 1
leaflock/auth/common.go:11.2,15.28 2 5
leaflock/auth/common.go:19.38,26.2 1 12
leaflock/auth/common.go:28.47,29.43 1 11
leaflock/auth/common.go:29.43,30.35 1 301
leaflock/auth/common.go:30.35,32.4 1 2
leaflock/auth/common.go:34.2,34.14 1 9
leaflock/auth/config.go:29.27,38.2 2 10
leaflock/auth/config.go:41.56,43.15 2 30
leaflock/auth/config.go:43.15,45.3 1 14
leaflock/auth/config.go:46.2,47.16 2 16
leaflock/auth/config.go:47.16,49.3 1 3
leaflock/auth/config.go:50.2,50.16 1 13
leaflock/auth/config.go:53.53,55.15 2 18
leaflock/auth/config.go:55.15,57.3 1 9
leaflock/auth/config.go:58.2,59.16 2 9
leaflock/auth/config.go:59.16,61.3 1 3
leaflock/auth/config.go:62.2,62.15 1 6
leaflock/auth/config.go:66.37,68.2 1 2
leaflock/auth/config.go:71.45,75.2 1 7
leaflock/auth/config.go:77.47,80.37 3 3
leaflock/auth/config.go:80.37,81.39 1 7
leaflock/auth/config.go:81.39,83.4 1 2
leaflock/auth/config.go:85.2,85.14 1 1
leaflock/auth/handlers.go:33.87,39.2 1 0
leaflock/auth/handlers.go:105.48,107.43 2 0
leaflock/auth/handlers.go:107.43,112.3 1 0
leaflock/auth/handlers.go:116.2,116.35 1 0
leaflock/auth/handlers.go:116.35,121.3 1 0
leaflock/auth/handlers.go:124.2,132.30 4 0
leaflock/auth/handlers.go:132.30,137.3 1 0
leaflock/auth/handlers.go:140.2,140.58 1 0
leaflock/auth/handlers.go:140.58,145.3 1 0
leaflock/auth/handlers.go:148.2,153.16 5 0
leaflock/auth/handlers.go:153.16,154.44 1 0
leaflock/auth/handlers.go:154.44,158.4 1 0
leaflock/auth/handlers.go:159.3,159.48 1 0
leaflock/auth/handlers.go:159.48,164.4 1 0
leaflock/auth/handlers.go:165.3,168.5 1 0
leaflock/auth/handlers.go:171.2,173.4 1 0
leaflock/auth/handlers.go:251.45,253.43 2 0
leaflock/auth/handlers.go:253.43,258.3 1 0
leaflock/auth/handlers.go:261.2,265.16 4 0
leaflock/auth/handlers.go:265.16,266.46 1 0
leaflock/auth/handlers.go:266.46,271.4 1 0
leaflock/auth/handlers.go:272.3,272.48 1 0
leaflock/auth/handlers.go:272.48,277.4 1 0
leaflock/auth/handlers.go:278.3,281.5 1 0
leaflock/auth/handlers.go:284.2,284.25 1 0
leaflock/auth/handlers.go:298.49,300.43 2 0
leaflock/auth/handlers.go:300.43,305.3 1 0
leaflock/auth/handlers.go:307.2,309.16 3 0
leaflock/auth/handlers.go:309.16,310.47 1 0
leaflock/auth/handlers.go:310.47,315.4 1 0
leaflock/auth/handlers.go:316.3,319.5 1 0
leaflock/auth/handlers.go:322.2,322.25 1 0
leaflock/auth/handlers.go:335.46,339.82 3 0
leaflock/auth/handlers.go:339.82,341.3 1 0
leaflock/auth/handlers.go:341.8,343.23 2 0
leaflock/auth/handlers.go:343.23,348.4 1 0
leaflock/auth/handlers.go:350.3,351.46 2 0
leaflock/auth/handlers.go:351.46,356.4 1 0
leaflock/auth/handlers.go:358.3,358.19 1 0
leaflock/auth/handlers.go:361.2,363.53 2 0
leaflock/auth/handlers.go:363.53,368.3 1 0
leaflock/auth/handlers.go:370.2,372.4 1 0
leaflock/auth/handlers.go:384.52,388.16 3 0
leaflock/auth/handlers.go:388.16,393.3 1 0
leaflock/auth/handlers.go:395.2,398.4 1 0
leaflock/auth/handlers.go:410.53,417.16 5 0
leaflock/auth/handlers.go:417.16,422.3 1 0
leaflock/auth/handlers.go:425.2,426.16 2 0
leaflock/auth/handlers.go:426.16,431.3 1 0
leaflock/auth/handlers.go:433.2,436.4 1 0
leaflock/auth/handlers.go:450.49,457.43 3 0
leaflock/auth/handlers.go:457.43,462.3 1 0
leaflock/auth/handlers.go:464.2,465.16 2 0
leaflock/auth/handlers.go:465.16,470.3 1 0
leaflock/auth/handlers.go:472.2,474.4 1 0
leaflock/auth/handlers.go:488.50,492.43 3 0
leaflock/auth/handlers.go:492.43,497.3 1 0
leaflock/auth/handlers.go:499.2,499.80 1 0
leaflock/auth/handlers.go:499.80,504.3 1 0
leaflock/auth/handlers.go:506.2,508.4 1 0
leaflock/auth/handlers.go:523.61,529.43 3 0
leaflock/auth/handlers.go:529.43,534.3 1 0
leaflock/auth/handlers.go:536.2,537.16 2 0
leaflock/auth/handlers.go:537.16,542.3 1 0
leaflock/auth/handlers.go:544.2,546.4 1 0
leaflock/auth/handlers.go:636.60,638.43 2 0
leaflock/auth/handlers.go:638.43,643.3 1 0
leaflock/auth/handlers.go:646.2,646.59 1 0
leaflock/auth/handlers.go:646.59,651.3 1 0
leaflock/auth/handlers.go:654.2,664.16 6 0
leaflock/auth/handlers.go:664.16,669.3 1 0
leaflock/auth/handlers.go:672.2,677.16 4 0
leaflock/auth/handlers.go:677.16,683.3 2 0
leaflock/auth/handlers.go:686.2,686.91 1 0
leaflock/auth/handlers.go:686.91,690.3 1 0
leaflock/auth/handlers.go:690.8,692.3 1 0
leaflock/auth/handlers.go:694.2,696.4 1 0
leaflock/auth/handlers.go:709.56,711.17 2 0
leaflock/auth/handlers.go:711.17,716.3 1 0
leaflock/auth/handlers.go:718.2,719.16 2 0
leaflock/auth/handlers.go:719.16,724.3 1 0
leaflock/auth/handlers.go:726.2,728.4 1 0
leaflock/auth/handlers.go:741.60,743.43 2 0
leaflock/auth/handlers.go:743.43,748.3 1 0
leaflock/auth/handlers.go:750.2,750.106 1 0
leaflock/auth/handlers.go:750.106,751.48 1 0
leaflock/auth/handlers.go:751.48,756.4 1 0
leaflock/auth/handlers.go:757.3,760.5 1 0
leaflock/auth/handlers.go:763.2,765.4 1 0
leaflock/auth/handlers.go:775.61,788.16 5 0
leaflock/auth/handlers.go:788.16,791.3 1 0
leaflock/auth/handlers.go:794.2,798.4 2 0
leaflock/auth/handlers.go:811.50,819.18 4 0
leaflock/auth/handlers.go:819.18,824.3 1 0
leaflock/auth/handlers.go:827.2,829.56 3 0
leaflock/auth/handlers.go:829.56,834.3 1 0
leaflock/auth/handlers.go:836.2,837.43 2 0
leaflock/auth/handlers.go:837.43,842.3 1 0
leaflock/auth/handlers.go:845.2,886.16 15 0
leaflock/auth/handlers.go:886.16,889.3 2 0
leaflock/auth/handlers.go:892.2,896.65 3 0
leaflock/auth/handlers.go:896.65,899.3 2 0
leaflock/auth/handlers.go:899.8,901.3 1 0
leaflock/auth/handlers.go:903.2,903.26 1 0
leaflock/auth/handlers.go:914.54,922.18 4 0
leaflock/auth/handlers.go:922.18,927.3 1 0
leaflock/auth/handlers.go:930.2,932.56 3 0
leaflock/auth/handlers.go:932.56,937.3 1 0
leaflock/auth/handlers.go:940.2,958.16 8 0
leaflock/auth/handlers.go:958.16,963.3 1 0
leaflock/auth/handlers.go:965.2,972.4 1 0
leaflock/auth/handlers.go:983.58,991.18 4 0
leaflock/auth/handlers.go:991.18,996.3 1 0
leaflock/auth/handlers.go:999.2,1001.56 3 0
leaflock/auth/handlers.go:1001.56,1006.3 1 0
leaflock/auth/handlers.go:1010.2,1016.4 1 0
leaflock/auth/handlers.go:1027.54,1035.18 4 0
leaflock/auth/handlers.go:1035.18,1040.3 1 0
leaflock/auth/handlers.go:1043.2,1045.56 3 0
leaflock/auth/handlers.go:1045.56,1050.3 1 0
leaflock/auth/handlers.go:1053.2,1056.16 4 0
leaflock/auth/handlers.go:1056.16,1061.3 1 0
leaflock/auth/handlers.go:1064.2,1065.16 2 0
leaflock/auth/handlers.go:1065.16,1070.3 1 0
leaflock/auth/handlers.go:1071.2,1071.15 1 0
leaflock/auth/handlers.go:1071.15,1073.3 1 0
leaflock/auth/handlers.go:1076.2,1084.44 2 0
leaflock/auth/handlers.go:1084.44,1086.17 2 0
leaflock/auth/handlers.go:1086.17,1091.4 1 0
leaflock/auth/handlers.go:1095.2,1096.16 2 0
leaflock/auth/handlers.go:1096.16,1101.3 1 0
leaflock/auth/handlers.go:1104.2,1105.16 2 0
leaflock/auth/handlers.go:1105.16,1110.3 1 0
leaflock/auth/handlers.go:1112.2,1116.4 1 0
leaflock/auth/handlers.go:1129.54,1137.18 4 0
leaflock/auth/handlers.go:1137.18,1142.3 1 0
leaflock/auth/handlers.go:1145.2,1147.56 3 0
leaflock/auth/handlers.go:1147.56,1152.3 1 0
leaflock/auth/handlers.go:1155.2,1164.19 3 0
leaflock/auth/handlers.go:1164.19,1172.3 7 0
leaflock/auth/handlers.go:1172.8,1175.3 2 0
leaflock/auth/handlers.go:1178.2,1180.54 3 0
leaflock/auth/handlers.go:1180.54,1182.3 1 0
leaflock/auth/handlers.go:1184.2,1184.26 1 0
leaflock/auth/mfa.go:35.87,40.2 1 0
leaflock/auth/mfa.go:43.74,51.16 2 0
leaflock/auth/mfa.go:51.16,53.3 1 0
leaflock/auth/mfa.go:55.2,55.17 1 0
leaflock/auth/mfa.go:59.60,61.2 1 0
leaflock/auth/mfa.go:64.88,68.39 3 0
leaflock/auth/mfa.go:68.39,71.51 2 0
leaflock/auth/mfa.go:71.51,73.4 1 0
leaflock/auth/mfa.go:76.3,83.19 6 0
leaflock/auth/mfa.go:86.2,86.27 1 0
leaflock/auth/mfa.go:90.106,106.16 7 0
leaflock/auth/mfa.go:106.16,108.3 1 0
leaflock/auth/mfa.go:111.2,111.24 1 0
leaflock/auth/mfa.go:111.24,113.3 1 0
leaflock/auth/mfa.go:116.2,119.41 3 0
leaflock/auth/mfa.go:119.41,120.45 1 0
leaflock/auth/mfa.go:120.45,122.9 2 0
leaflock/auth/mfa.go:126.2,126.24 1 0
leaflock/auth/mfa.go:126.24,128.3 1 0
leaflock/auth/mfa.go:131.2,131.37 1 0
leaflock/auth/mfa.go:131.37,132.43 1 0
leaflock/auth/mfa.go:132.43,134.4 1 0
leaflock/auth/mfa.go:138.2,145.16 3 0
leaflock/auth/mfa.go:145.16,147.3 1 0
leaflock/auth/mfa.go:150.2,151.23 2 0
leaflock/auth/mfa.go:151.23,153.3 1 0
leaflock/auth/mfa.go:155.2,155.18 1 0
leaflock/auth/mfa.go:159.118,161.34 1 0
leaflock/auth/mfa.go:161.34,163.3 1 0
leaflock/auth/mfa.go:166.2,167.16 2 0
leaflock/auth/mfa.go:167.16,169.3 1 0
leaflock/auth/mfa.go:172.2,173.47 2 0
leaflock/auth/mfa.go:173.47,175.3 1 0
leaflock/auth/mfa.go:178.2,179.16 2 0
leaflock/auth/mfa.go:179.16,181.3 1 0
leaflock/auth/mfa.go:184.2,196.16 3 0
leaflock/auth/mfa.go:196.16,198.3 1 0
leaflock/auth/mfa.go:200.2,200.24 1 0
leaflock/auth/mfa.go:204.92,214.16 4 0
leaflock/auth/mfa.go:214.16,216.3 1 0
leaflock/auth/mfa.go:219.2,220.16 2 0
leaflock/auth/mfa.go:220.16,222.3 1 0
leaflock/auth/mfa.go:225.2,225.47 1 0
leaflock/auth/mfa.go:225.47,228.27 2 0
leaflock/auth/mfa.go:228.27,230.4 1 0
leaflock/auth/mfa.go:234.2,245.16 3 0
leaflock/auth/mfa.go:245.16,247.3 1 0
leaflock/auth/mfa.go:249.2,249.12 1 0
leaflock/auth/mfa.go:253.119,264.16 5 0
leaflock/auth/mfa.go:264.16,266.3 1 0
leaflock/auth/mfa.go:269.2,270.54 2 0
leaflock/auth/mfa.go:270.54,272.3 1 0
leaflock/auth/mfa.go:275.2,276.47 2 0
leaflock/auth/mfa.go:276.47,278.3 1 0
leaflock/auth/mfa.go:281.2,282.16 2 0
leaflock/auth/mfa.go:282.16,284.3 1 0
leaflock/auth/mfa.go:287.2,297.16 3 0
leaflock/auth/mfa.go:297.16,299.3 1 0
leaflock/auth/mfa.go:301.2,301.24 1 0
leaflock/auth/mfa.go:305.94,317.16 5 0
leaflock/auth/mfa.go:317.16,319.3 1 0
leaflock/auth/mfa.go:321.2,321.37 1 0
leaflock/auth/mfa.go:325.101,334.16 4 0
leaflock/auth/mfa.go:334.16,336.3 1 0
leaflock/auth/mfa.go:338.2,339.16 2 0
leaflock/auth/mfa.go:339.16,341.3 1 0
leaflock/auth/mfa.go:343.2,343.33 1 0
leaflock/auth/mfa.go:348.75,353.2 2 0
leaflock/auth/mfa.go:355.63,356.30 1 0
leaflock/auth/mfa.go:356.30,358.3 1 0
leaflock/auth/mfa.go:361.2,362.34 2 0
leaflock/auth/mfa.go:362.34,364.3 1 0
leaflock/auth/mfa.go:366.2,366.18 1 0
leaflock/auth/mfa.go:369.60,371.20 1 0
leaflock/auth/mfa.go:371.20,373.3 1 0
leaflock/auth/mfa.go:374.2,374.66 1 0
leaflock/auth/mfa.go:377.63,382.2 3 0
leaflock/auth/middleware.go:9.61,11.19 2 0
leaflock/auth/middleware.go:11.19,16.3 1 0
leaflock/auth/middleware.go:18.2,18.17 1 0
leaflock/auth/middleware.go:22.62,24.21 2 0
leaflock/auth/middleware.go:24.21,29.3 1 0
leaflock/auth/middleware.go:31.2,31.17 1 0
leaflock/auth/middleware.go:35.49,37.9 2 0
leaflock/auth/middleware.go:37.9,39.3 1 0
leaflock/auth/middleware.go:40.2,40.20 1 0
leaflock/auth/middleware.go:44.33,47.2 2 0
leaflock/auth/password.go:46.64,50.2 1 0
leaflock/auth/password.go:53.78,72.2 2 0
leaflock/auth/password.go:76.80,85.2 1 0
leaflock/auth/password.go:88.92,91.2 2 0
leaflock/auth/password.go:94.76,95.39 1 0
leaflock/auth/password.go:95.39,97.3 1 0
leaflock/auth/password.go:100.2,100.67 1 0
leaflock/auth/password.go:100.67,102.3 1 0
leaflock/auth/password.go:105.2,105.67 1 0
leaflock/auth/password.go:105.67,107.3 1 0
leaflock/auth/password.go:110.2,110.67 1 0
leaflock/auth/password.go:110.67,112.3 1 0
leaflock/auth/password.go:115.2,115.98 1 0
leaflock/auth/password.go:115.98,117.3 1 0
leaflock/auth/password.go:119.2,119.12 1 0
leaflock/auth/password.go:123.59,125.43 2 0
leaflock/auth/password.go:125.43,127.3 1 0
leaflock/auth/password.go:128.2,128.18 1 0
leaflock/auth/password.go:132.129,135.49 2 0
leaflock/auth/password.go:135.49,137.3 1 0
leaflock/auth/password.go:138.2,145.21 4 0
leaflock/auth/password.go:145.21,148.3 2 0
leaflock/auth/password.go:149.2,149.21 1 0
leaflock/auth/password.go:149.21,152.3 2 0
leaflock/auth/password.go:155.2,163.20 4 0
leaflock/auth/password.go:163.20,165.3 1 0
leaflock/auth/password.go:167.2,167.19 1 0
leaflock/auth/password.go:171.99,189.16 9 0
leaflock/auth/password.go:189.16,191.3 1 0
leaflock/auth/password.go:193.2,194.78 2 0
leaflock/auth/password.go:194.78,197.3 2 0
leaflock/auth/password.go:199.2,199.45 1 0
leaflock/auth/password.go:199.45,201.3 1 0
leaflock/auth/password.go:203.2,208.54 2 0
leaflock/auth/password.go:208.54,210.3 1 0
leaflock/auth/password.go:213.2,213.10 1 0
leaflock/auth/password.go:213.10,215.3 1 0
leaflock/auth/password.go:218.2,218.26 1 0
leaflock/auth/password.go:218.26,220.3 1 0
leaflock/auth/password.go:222.2,222.20 1 0
leaflock/auth/password.go:226.104,229.16 2 0
leaflock/auth/password.go:229.16,231.3 1 0
leaflock/auth/password.go:234.2,234.65 1 0
leaflock/auth/password.go:234.65,236.3 1 0
leaflock/auth/password.go:239.2,240.16 2 0
leaflock/auth/password.go:240.16,242.3 1 0
leaflock/auth/password.go:245.2,249.48 3 0
leaflock/auth/password.go:249.48,251.3 1 0
leaflock/auth/password.go:254.2,266.16 4 0
leaflock/auth/password.go:266.16,268.3 1 0
leaflock/auth/password.go:271.2,272.16 2 0
leaflock/auth/password.go:272.16,274.3 1 0
leaflock/auth/password.go:275.2,275.15 1 0
leaflock/auth/password.go:275.15,277.3 1 0
leaflock/auth/password.go:280.2,286.16 3 0
leaflock/auth/password.go:286.16,288.3 1 0
leaflock/auth/password.go:291.2,297.16 3 0
leaflock/auth/password.go:297.16,299.3 1 0
leaflock/auth/password.go:302.2,302.39 1 0
leaflock/auth/password.go:302.39,304.3 1 0
leaflock/auth/password.go:307.2,311.12 2 0
leaflock/auth/password.go:315.98,322.16 3 0
leaflock/auth/password.go:322.16,324.3 1 0
leaflock/auth/password.go:325.2,325.12 1 0
leaflock/auth/password.go:329.76,335.16 3 0
leaflock/auth/password.go:335.16,337.3 1 0
leaflock/auth/password.go:338.2,338.12 1 0
leaflock/auth/password.go:342.124,349.21 4 0
leaflock/auth/password.go:349.21,352.3 2 0
leaflock/auth/password.go:353.2,353.21 1 0
leaflock/auth/password.go:353.21,356.3 2 0
leaflock/auth/password.go:359.2,363.81 2 0
leaflock/auth/service.go:28.61,30.2 1 0
leaflock/auth/service.go:32.52,33.16 1 0
leaflock/auth/service.go:33.16,35.3 1 0
leaflock/auth/service.go:36.2,37.14 2 0
leaflock/auth/service.go:61.88,76.2 5 0
leaflock/auth/service.go:79.96,81.70 1 0
leaflock/auth/service.go:81.70,83.3 1 0
leaflock/auth/service.go:86.2,87.16 2 0
leaflock/auth/service.go:87.16,89.3 1 0
leaflock/auth/service.go:92.2,96.48 3 0
leaflock/auth/service.go:96.48,98.3 1 0
leaflock/auth/service.go:101.2,104.16 4 0
leaflock/auth/service.go:104.16,106.3 1 0
leaflock/auth/service.go:109.2,120.16 5 0
leaflock/auth/service.go:120.16,122.3 1 0
leaflock/auth/service.go:123.2,123.15 1 0
leaflock/auth/service.go:123.15,125.3 1 0
leaflock/auth/service.go:128.2,142.16 4 0
leaflock/auth/service.go:142.16,143.92 1 0
leaflock/auth/service.go:143.92,145.4 1 0
leaflock/auth/service.go:146.3,146.59 1 0
leaflock/auth/service.go:150.2,151.50 2 0
leaflock/auth/service.go:151.50,153.3 1 0
leaflock/auth/service.go:155.2,160.16 3 0
leaflock/auth/service.go:160.16,162.3 1 0
leaflock/auth/service.go:165.2,167.51 3 0
leaflock/auth/service.go:167.51,169.3 1 0
leaflock/auth/service.go:172.2,174.16 3 0
leaflock/auth/service.go:174.16,176.3 1 0
leaflock/auth/service.go:179.2,181.16 3 0
leaflock/auth/service.go:181.16,183.3 1 0
leaflock/auth/service.go:185.2,190.16 3 0
leaflock/auth/service.go:190.16,192.3 1 0
leaflock/auth/service.go:195.2,200.16 3 0
leaflock/auth/service.go:200.16,202.3 1 0
leaflock/auth/service.go:205.2,205.39 1 0
leaflock/auth/service.go:205.39,207.3 1 0
leaflock/auth/service.go:210.2,215.30 2 0
leaflock/auth/service.go:215.30,223.3 1 0
leaflock/auth/service.go:226.2,230.16 4 0
leaflock/auth/service.go:230.16,232.3 1 0
leaflock/auth/service.go:234.2,239.33 1 0
leaflock/auth/service.go:239.33,240.22 1 0
leaflock/auth/service.go:240.22,242.5 1 0
leaflock/auth/service.go:243.4,243.50 1 0
leaflock/auth/service.go:250.102,276.16 13 0
leaflock/auth/service.go:276.16,278.3 1 0
leaflock/auth/service.go:281.2,281.65 1 0
leaflock/auth/service.go:281.65,283.3 1 0
leaflock/auth/service.go:286.2,286.62 1 0
leaflock/auth/service.go:286.62,297.3 3 0
leaflock/auth/service.go:300.2,303.16 2 0
leaflock/auth/service.go:303.16,305.20 1 0
leaflock/auth/service.go:305.20,308.18 2 0
leaflock/auth/service.go:308.18,310.5 1 0
leaflock/auth/service.go:313.4,314.14 2 0
leaflock/auth/service.go:314.14,317.29 2 0
leaflock/auth/service.go:317.29,319.6 1 0
leaflock/auth/service.go:323.4,323.59 1 0
leaflock/auth/service.go:327.3,331.17 4 0
leaflock/auth/service.go:331.17,333.4 1 0
leaflock/auth/service.go:335.3,342.9 2 0
leaflock/auth/service.go:346.2,347.16 2 0
leaflock/auth/service.go:347.16,349.3 1 0
leaflock/auth/service.go:352.2,357.22 2 0
leaflock/auth/service.go:361.100,364.16 2 0
leaflock/auth/service.go:364.16,366.3 1 0
leaflock/auth/service.go:369.2,378.16 5 0
leaflock/auth/service.go:378.16,380.3 1 0
leaflock/auth/service.go:383.2,384.16 2 0
leaflock/auth/service.go:384.16,386.3 1 0
leaflock/auth/service.go:389.2,390.12 2 0
leaflock/auth/service.go:390.12,393.27 2 0
leaflock/auth/service.go:393.27,395.4 1 0
leaflock/auth/service.go:399.2,403.16 3 0
leaflock/auth/service.go:403.16,405.3 1 0
leaflock/auth/service.go:408.2,412.22 2 0
leaflock/auth/service.go:416.67,419.60 1 0
leaflock/auth/service.go:419.60,421.3 1 0
leaflock/auth/service.go:423.2,423.12 1 0
leaflock/auth/service.go:428.127,435.16 4 0
leaflock/auth/service.go:435.16,437.3 1 0
leaflock/auth/service.go:440.2,450.16 6 0
leaflock/auth/service.go:450.16,452.3 1 0
leaflock/auth/service.go:454.2,460.29 2 0
leaflock/auth/service.go:460.29,462.3 1 0
leaflock/auth/service.go:465.2,468.108 3 0
leaflock/auth/service.go:468.108,471.3 2 0
leaflock/auth/service.go:473.2,473.22 1 0
leaflock/auth/service.go:476.103,481.22 3 0
leaflock/auth/service.go:481.22,484.3 2 0
leaflock/auth/service.go:486.2,491.64 2 0
leaflock/auth/service.go:494.78,501.2 2 0
leaflock/auth/service.go:504.103,505.14 1 0
leaflock/auth/service.go:505.14,507.3 1 0
leaflock/auth/service.go:511.2,517.16 6 0
leaflock/auth/service.go:517.16,519.3 1 0
leaflock/auth/service.go:521.2,521.17 1 0
leaflock/auth/service.go:521.17,524.3 2 0
leaflock/auth/service.go:526.2,529.70 2 0
leaflock/auth/service.go:529.70,531.3 1 0
leaflock/auth/service.go:534.2,535.16 2 0
leaflock/auth/service.go:535.16,537.3 1 0
leaflock/auth/service.go:540.2,544.48 3 0
leaflock/auth/service.go:544.48,546.3 1 0
leaflock/auth/service.go:549.2,552.16 4 0
leaflock/auth/service.go:552.16,554.3 1 0
leaflock/auth/service.go:557.2,564.16 3 0
leaflock/auth/service.go:564.16,566.3 1 0
leaflock/auth/service.go:567.2,567.15 1 0
leaflock/auth/service.go:567.15,569.3 1 0
leaflock/auth/service.go:572.2,586.16 4 0
leaflock/auth/service.go:586.16,588.3 1 0
leaflock/auth/service.go:591.2,592.50 2 0
leaflock/auth/service.go:592.50,594.3 1 0
leaflock/auth/service.go:596.2,601.16 3 0
leaflock/auth/service.go:601.16,603.3 1 0
leaflock/auth/service.go:606.2,608.51 3 0
leaflock/auth/service.go:608.51,610.3 1 0
leaflock/auth/service.go:613.2,615.16 3 0
leaflock/auth/service.go:615.16,617.3 1 0
leaflock/auth/service.go:620.2,622.16 3 0
leaflock/auth/service.go:622.16,624.3 1 0
leaflock/auth/service.go:626.2,631.16 3 0
leaflock/auth/service.go:631.16,633.3 1 0
leaflock/auth/service.go:636.2,641.16 3 0
leaflock/auth/service.go:641.16,643.3 1 0
leaflock/auth/service.go:646.2,646.39 1 0
leaflock/auth/service.go:646.39,648.3 1 0
leaflock/auth/service.go:650.2,650.12 1 0
leaflock/auth/service.go:654.115,661.21 4 0
leaflock/auth/service.go:661.21,664.3 2 0
leaflock/auth/service.go:665.2,665.21 1 0
leaflock/auth/service.go:665.21,668.3 2 0
leaflock/auth/service.go:671.2,675.80 2 0
leaflock/auth/session.go:35.92,40.2 1 0
leaflock/auth/session.go:43.153,46.49 2 0
leaflock/auth/session.go:46.49,48.3 1 0
leaflock/auth/session.go:49.2,69.16 6 0
leaflock/auth/session.go:69.16,71.3 1 0
leaflock/auth/session.go:74.2,75.16 2 0
leaflock/auth/session.go:75.16,77.3 1 0
leaflock/auth/session.go:80.2,80.90 1 0
leaflock/auth/session.go:80.90,82.3 1 0
leaflock/auth/session.go:84.2,84.28 1 0
leaflock/auth/session.go:88.91,94.22 4 0
leaflock/auth/session.go:94.22,96.3 1 0
leaflock/auth/session.go:97.2,97.16 1 0
leaflock/auth/session.go:97.16,99.3 1 0
leaflock/auth/session.go:102.2,103.16 2 0
leaflock/auth/session.go:103.16,105.3 1 0
leaflock/auth/session.go:108.2,109.62 2 0
leaflock/auth/session.go:109.62,111.3 1 0
leaflock/auth/session.go:114.2,114.47 1 0
leaflock/auth/session.go:114.47,117.3 2 0
leaflock/auth/session.go:119.2,119.22 1 0
leaflock/auth/session.go:123.82,127.58 3 0
leaflock/auth/session.go:127.58,129.3 1 0
leaflock/auth/session.go:131.2,131.12 1 0
leaflock/auth/session.go:135.152,138.49 2 0
leaflock/auth/session.go:138.49,140.3 1 0
leaflock/auth/session.go:141.2,161.16 6 0
leaflock/auth/session.go:161.16,163.3 1 0
leaflock/auth/session.go:165.2,166.16 2 0
leaflock/auth/session.go:166.16,168.3 1 0
leaflock/auth/session.go:171.2,171.93 1 0
leaflock/auth/session.go:171.93,173.3 1 0
leaflock/auth/session.go:175.2,175.19 1 0
leaflock/auth/session.go:179.97,185.22 4 0
leaflock/auth/session.go:185.22,187.3 1 0
leaflock/auth/session.go:188.2,188.16 1 0
leaflock/auth/session.go:188.16,190.3 1 0
leaflock/auth/session.go:193.2,194.16 2 0
leaflock/auth/session.go:194.16,196.3 1 0
leaflock/auth/session.go:199.2,200.65 2 0
leaflock/auth/session.go:200.65,202.3 1 0
leaflock/auth/session.go:205.2,205.50 1 0
leaflock/auth/session.go:205.50,208.3 2 0
leaflock/auth/session.go:210.2,210.25 1 0
leaflock/auth/session.go:214.85,218.58 3 0
leaflock/auth/session.go:218.58,220.3 1 0
leaflock/auth/session.go:222.2,222.12 1 0
leaflock/auth/session.go:226.58,230.2 2 0
leaflock/auth/session.go:233.83,235.16 2 0
leaflock/auth/session.go:235.16,237.3 1 0
leaflock/auth/session.go:240.2,247.16 5 0
leaflock/auth/session.go:247.16,249.3 1 0
leaflock/auth/session.go:251.2,252.16 2 0
leaflock/auth/session.go:252.16,254.3 1 0
leaflock/auth/session.go:256.2,256.90 1 0
leaflock/auth/session.go:256.90,258.3 1 0
leaflock/auth/session.go:260.2,260.12 1 0
leaflock/auth/test_helpers.go:6.110,8.2 1 0
