mode: atomic
secure-notes/main.go:259.27,262.21 2 2
secure-notes/main.go:262.21,267.3 4 1
secure-notes/main.go:269.2,270.18 2 2
secure-notes/main.go:270.18,275.3 4 1
secure-notes/main.go:277.2,278.17 2 2
secure-notes/main.go:278.17,280.3 1 1
secure-notes/main.go:282.2,293.3 1 2
secure-notes/main.go:296.55,297.42 1 10
secure-notes/main.go:297.42,299.3 1 1
secure-notes/main.go:300.2,300.21 1 9
secure-notes/main.go:308.50,310.2 1 39
secure-notes/main.go:312.67,314.16 2 143
secure-notes/main.go:314.16,316.3 1 0
secure-notes/main.go:318.2,319.44 2 143
secure-notes/main.go:319.44,321.3 1 0
secure-notes/main.go:323.2,324.42 2 143
secure-notes/main.go:327.68,329.16 2 11
secure-notes/main.go:329.16,331.3 1 0
secure-notes/main.go:333.2,333.40 1 11
secure-notes/main.go:333.40,335.3 1 2
secure-notes/main.go:337.2,340.47 3 9
secure-notes/main.go:344.56,350.2 4 12
secure-notes/main.go:352.56,354.21 2 13
secure-notes/main.go:354.21,356.3 1 1
secure-notes/main.go:358.2,362.62 4 12
secure-notes/main.go:366.57,370.16 3 1
secure-notes/main.go:370.16,372.3 1 0
secure-notes/main.go:373.2,377.68 3 1
secure-notes/main.go:377.68,379.3 1 1
secure-notes/main.go:382.2,384.16 3 1
secure-notes/main.go:384.16,386.3 1 0
secure-notes/main.go:389.2,391.16 3 1
secure-notes/main.go:391.16,393.3 1 1
secure-notes/main.go:395.2,396.18 2 0
secure-notes/main.go:425.52,428.34 2 4
secure-notes/main.go:428.34,430.3 1 1
secure-notes/main.go:432.2,433.43 2 3
secure-notes/main.go:433.43,435.3 1 0
secure-notes/main.go:438.2,438.28 1 3
secure-notes/main.go:438.28,440.3 1 1
secure-notes/main.go:443.2,466.16 14 2
secure-notes/main.go:466.16,468.3 1 0
secure-notes/main.go:469.2,480.16 4 2
secure-notes/main.go:480.16,481.49 1 1
secure-notes/main.go:481.49,483.4 1 1
secure-notes/main.go:484.3,484.71 1 0
secure-notes/main.go:488.2,503.16 7 1
secure-notes/main.go:503.16,505.3 1 0
secure-notes/main.go:508.2,508.38 1 1
secure-notes/main.go:508.38,510.3 1 0
secure-notes/main.go:513.2,517.16 3 1
secure-notes/main.go:517.16,519.3 1 0
secure-notes/main.go:521.2,526.4 1 1
secure-notes/main.go:529.49,531.43 2 13
secure-notes/main.go:531.43,533.3 1 0
secure-notes/main.go:535.2,551.16 9 13
secure-notes/main.go:551.16,553.3 1 11
secure-notes/main.go:556.2,556.57 1 2
secure-notes/main.go:556.57,558.3 1 1
secure-notes/main.go:561.2,561.49 1 1
secure-notes/main.go:561.49,564.50 2 0
secure-notes/main.go:564.50,573.4 4 0
secure-notes/main.go:575.3,577.71 3 0
secure-notes/main.go:581.2,581.16 1 1
secure-notes/main.go:581.16,582.24 1 0
secure-notes/main.go:582.24,584.4 1 0
secure-notes/main.go:589.2,614.16 9 1
secure-notes/main.go:614.16,616.3 1 0
secure-notes/main.go:619.2,623.16 3 1
secure-notes/main.go:623.16,625.3 1 0
secure-notes/main.go:628.2,636.4 3 1
secure-notes/main.go:639.71,648.2 3 2
secure-notes/main.go:650.136,659.2 3 2
secure-notes/main.go:677.53,684.16 5 1
secure-notes/main.go:684.16,686.3 1 0
secure-notes/main.go:689.2,696.16 2 1
secure-notes/main.go:696.16,698.3 1 0
secure-notes/main.go:699.2,702.18 3 1
secure-notes/main.go:702.18,707.88 4 2
secure-notes/main.go:707.88,708.12 1 0
secure-notes/main.go:711.3,717.5 1 2
secure-notes/main.go:720.2,720.42 1 1
secure-notes/main.go:723.52,726.16 3 2
secure-notes/main.go:726.16,728.3 1 0
secure-notes/main.go:730.2,742.16 6 2
secure-notes/main.go:742.16,744.3 1 1
secure-notes/main.go:746.2,752.4 1 1
secure-notes/main.go:755.55,758.43 3 2
secure-notes/main.go:758.43,760.3 1 0
secure-notes/main.go:762.2,767.16 4 2
secure-notes/main.go:767.16,769.3 1 0
secure-notes/main.go:772.2,773.16 2 2
secure-notes/main.go:773.16,775.3 1 1
secure-notes/main.go:777.2,778.16 2 1
secure-notes/main.go:778.16,780.3 1 0
secure-notes/main.go:783.2,793.16 4 1
secure-notes/main.go:793.16,795.3 1 0
secure-notes/main.go:797.2,800.4 1 1
secure-notes/main.go:803.55,806.16 3 2
secure-notes/main.go:806.16,808.3 1 0
secure-notes/main.go:810.2,811.43 2 2
secure-notes/main.go:811.43,813.3 1 0
secure-notes/main.go:815.2,819.16 3 2
secure-notes/main.go:819.16,821.3 1 0
secure-notes/main.go:823.2,824.16 2 2
secure-notes/main.go:824.16,826.3 1 0
secure-notes/main.go:829.2,839.16 3 2
secure-notes/main.go:839.16,841.3 1 0
secure-notes/main.go:843.2,843.32 1 2
secure-notes/main.go:843.32,845.3 1 1
secure-notes/main.go:847.2,847.66 1 1
secure-notes/main.go:850.55,853.16 3 1
secure-notes/main.go:853.16,855.3 1 0
secure-notes/main.go:857.2,867.16 3 1
secure-notes/main.go:867.16,869.3 1 0
secure-notes/main.go:871.2,871.32 1 1
secure-notes/main.go:871.32,873.3 1 0
secure-notes/main.go:875.2,875.73 1 1
secure-notes/main.go:878.53,885.16 5 2
secure-notes/main.go:885.16,887.3 1 1
secure-notes/main.go:890.2,897.16 2 1
secure-notes/main.go:897.16,899.3 1 0
secure-notes/main.go:900.2,903.18 3 1
secure-notes/main.go:903.18,908.88 4 2
secure-notes/main.go:908.88,909.12 1 0
secure-notes/main.go:912.3,918.5 1 2
secure-notes/main.go:921.2,921.49 1 1
secure-notes/main.go:924.56,927.16 3 3
secure-notes/main.go:927.16,929.3 1 1
secure-notes/main.go:931.2,941.16 3 2
secure-notes/main.go:941.16,943.3 1 0
secure-notes/main.go:945.2,945.32 1 2
secure-notes/main.go:945.32,947.3 1 1
secure-notes/main.go:949.2,949.67 1 1
secure-notes/main.go:952.66,955.16 3 2
secure-notes/main.go:955.16,957.3 1 0
secure-notes/main.go:959.2,968.16 3 2
secure-notes/main.go:968.16,970.3 1 0
secure-notes/main.go:972.2,972.32 1 2
secure-notes/main.go:972.32,974.3 1 1
secure-notes/main.go:976.2,976.78 1 1
secure-notes/main.go:994.51,1006.16 4 1
secure-notes/main.go:1006.16,1008.3 1 0
secure-notes/main.go:1009.2,1012.18 3 1
secure-notes/main.go:1012.18,1018.82 5 2
secure-notes/main.go:1018.82,1019.12 1 0
secure-notes/main.go:1023.3,1024.17 2 2
secure-notes/main.go:1024.17,1025.12 1 0
secure-notes/main.go:1028.3,1034.5 1 2
secure-notes/main.go:1037.2,1037.40 1 1
secure-notes/main.go:1040.53,1043.43 3 4
secure-notes/main.go:1043.43,1045.3 1 0
secure-notes/main.go:1048.2,1048.52 1 4
secure-notes/main.go:1048.52,1050.3 1 1
secure-notes/main.go:1053.2,1053.21 1 3
secure-notes/main.go:1053.21,1055.3 1 1
secure-notes/main.go:1058.2,1059.16 2 3
secure-notes/main.go:1059.16,1061.3 1 0
secure-notes/main.go:1063.2,1073.16 4 3
secure-notes/main.go:1073.16,1074.49 1 1
secure-notes/main.go:1074.49,1076.4 1 1
secure-notes/main.go:1077.3,1077.72 1 0
secure-notes/main.go:1080.2,1083.4 1 2
secure-notes/main.go:1086.53,1089.16 3 2
secure-notes/main.go:1089.16,1091.3 1 0
secure-notes/main.go:1093.2,1101.16 3 2
secure-notes/main.go:1101.16,1103.3 1 0
secure-notes/main.go:1105.2,1105.32 1 2
secure-notes/main.go:1105.32,1107.3 1 1
secure-notes/main.go:1109.2,1109.65 1 1
secure-notes/main.go:1112.59,1115.16 3 2
secure-notes/main.go:1115.16,1117.3 1 0
secure-notes/main.go:1119.2,1120.43 2 2
secure-notes/main.go:1120.43,1122.3 1 0
secure-notes/main.go:1124.2,1125.16 2 2
secure-notes/main.go:1125.16,1127.3 1 0
secure-notes/main.go:1129.2,1139.16 4 2
secure-notes/main.go:1139.16,1141.3 1 1
secure-notes/main.go:1144.2,1149.16 3 1
secure-notes/main.go:1149.16,1151.3 1 0
secure-notes/main.go:1154.2,1160.16 2 1
secure-notes/main.go:1160.16,1162.3 1 0
secure-notes/main.go:1164.2,1164.66 1 1
secure-notes/main.go:1167.61,1170.16 3 1
secure-notes/main.go:1170.16,1172.3 1 0
secure-notes/main.go:1174.2,1175.16 2 1
secure-notes/main.go:1175.16,1177.3 1 0
secure-notes/main.go:1179.2,1194.16 3 1
secure-notes/main.go:1194.16,1196.3 1 0
secure-notes/main.go:1198.2,1198.32 1 1
secure-notes/main.go:1198.32,1200.3 1 0
secure-notes/main.go:1202.2,1202.65 1 1
secure-notes/main.go:1205.57,1208.16 3 1
secure-notes/main.go:1208.16,1210.3 1 0
secure-notes/main.go:1212.2,1225.16 3 1
secure-notes/main.go:1225.16,1227.3 1 0
secure-notes/main.go:1228.2,1231.18 3 1
secure-notes/main.go:1231.18,1236.88 4 2
secure-notes/main.go:1236.88,1237.12 1 0
secure-notes/main.go:1240.3,1246.5 1 2
secure-notes/main.go:1249.2,1249.42 1 1
secure-notes/main.go:1252.41,1253.40 1 15
secure-notes/main.go:1253.40,1255.3 1 6
secure-notes/main.go:1256.2,1256.25 1 9
secure-notes/main.go:1256.25,1258.84 2 49
secure-notes/main.go:1258.84,1260.4 1 2
secure-notes/main.go:1262.2,1262.13 1 7
secure-notes/main.go:1266.49,1267.34 1 12
secure-notes/main.go:1267.34,1269.18 2 18
secure-notes/main.go:1269.18,1271.4 1 5
secure-notes/main.go:1273.3,1275.79 2 13
secure-notes/main.go:1275.79,1277.4 1 8
secure-notes/main.go:1279.3,1279.34 1 13
secure-notes/main.go:1279.34,1281.4 1 9
secure-notes/main.go:1283.3,1287.14 3 4
secure-notes/main.go:1287.14,1289.4 1 1
secure-notes/main.go:1291.3,1292.10 2 3
secure-notes/main.go:1292.10,1294.4 1 0
secure-notes/main.go:1296.3,1297.17 2 3
secure-notes/main.go:1297.17,1299.4 1 0
secure-notes/main.go:1301.3,1303.18 2 3
secure-notes/main.go:1308.39,1309.12 1 0
secure-notes/main.go:1309.12,1317.7 5 0
secure-notes/main.go:1317.7,1318.11 1 0
secure-notes/main.go:1319.20,1320.29 1 0
secure-notes/main.go:1326.56,1331.17 3 2
secure-notes/main.go:1331.17,1333.3 1 0
secure-notes/main.go:1333.8,1335.3 1 2
secure-notes/main.go:1338.2,1339.17 2 2
secure-notes/main.go:1339.17,1341.3 1 0
secure-notes/main.go:1341.8,1343.3 1 2
secure-notes/main.go:1346.2,1349.22 3 2
secure-notes/main.go:1349.22,1351.3 1 1
secure-notes/main.go:1353.2,1357.13 3 2
secure-notes/main.go:1360.13,1366.16 3 0
secure-notes/main.go:1366.16,1368.3 1 0
secure-notes/main.go:1369.2,1386.53 5 0
secure-notes/main.go:1386.53,1388.39 2 0
secure-notes/main.go:1388.39,1390.5 1 0
secure-notes/main.go:1391.4,1391.63 1 0
secure-notes/main.go:1396.2,1419.43 5 0
secure-notes/main.go:1419.43,1421.4 1 0
secure-notes/main.go:1425.2,1437.46 5 0
secure-notes/main.go:1437.46,1439.3 1 0
secure-notes/main.go:1441.2,1441.45 1 0
secure-notes/main.go:1441.45,1445.38 3 0
secure-notes/main.go:1445.38,1447.4 1 0
secure-notes/main.go:1449.3,1449.45 1 0
secure-notes/main.go:1449.45,1451.4 1 0
secure-notes/main.go:1453.3,1458.5 1 0
secure-notes/main.go:1462.2,1503.42 20 0
